#
# There is insufficient memory for the Java Runtime Environment to continue.
# Native memory allocation (malloc) failed to allocate 2146048 bytes for Chunk::new
# Possible reasons:
#   The system is out of physical RAM or swap space
#   The process is running with CompressedOops enabled, and the Java Heap may be blocking the growth of the native heap
# Possible solutions:
#   Reduce memory load on the system
#   Increase physical memory or swap space
#   Check if swap backing store is full
#   Decrease Java heap size (-Xmx/-Xms)
#   Decrease number of Java threads
#   Decrease Java thread stack sizes (-Xss)
#   Set larger code cache with -XX:ReservedCodeCacheSize=
#   JVM is running with Unscaled Compressed Oops mode in which the Java heap is
#     placed in the first 4GB address space. The Java Heap base address is the
#     maximum limit for the native heap growth. Please use -XX:HeapBaseMinAddress
#     to set the Java Heap base and to place the Java Heap above 4GB virtual address.
# This output file may be truncated or incomplete.
#
#  Out of Memory Error (./open/src/hotspot/share/memory/arena.cpp:195), pid=27236, tid=25116
#
# JRE version: Java(TM) SE Runtime Environment (15.0.2+7) (build 15.0.2+7-27)
# Java VM: Java HotSpot(TM) 64-Bit Server VM (15.0.2+7-27, mixed mode, sharing, tiered, compressed oops, g1 gc, windows-amd64)
# No core dump will be written. Minidumps are not enabled by default on client versions of Windows
#

---------------  S U M M A R Y ------------

Command Line: -XX:MaxMetaspaceSize=512m --add-opens=java.base/java.util=ALL-UNNAMED --add-opens=java.base/java.lang=ALL-UNNAMED --add-opens=java.base/java.lang.invoke=ALL-UNNAMED --add-opens=java.base/java.util=ALL-UNNAMED --add-opens=java.prefs/java.util.prefs=ALL-UNNAMED --add-opens=java.prefs/java.util.prefs=ALL-UNNAMED --add-opens=java.base/java.nio.charset=ALL-UNNAMED --add-opens=java.base/java.net=ALL-UNNAMED --add-opens=java.base/java.util.concurrent.atomic=ALL-UNNAMED -Xmx2048m -Dfile.encoding=windows-1250 -Duser.country=PL -Duser.language=pl -Duser.variant org.gradle.launcher.daemon.bootstrap.GradleDaemon 7.5.1

Host: AMD FX(tm)-8350 Eight-Core Processor           , 8 cores, 11G,  Windows 10 , 64 bit Build 19041 (10.0.19041.2546)
Time: Sun Feb 26 20:50:34 2023 Œrodkowoeuropejski czas stand. elapsed time: 31.625710 seconds (0d 0h 0m 31s)

---------------  T H R E A D  ---------------

Current thread (0x00000170762456e0):  JavaThread "C2 CompilerThread2" daemon [_thread_in_native, id=25116, stack(0x0000002738500000,0x0000002738600000)]


Current CompileTask:
C2:  31625 9394       4       com.sun.beans.TypeResolver::resolve (37 bytes)

Stack: [0x0000002738500000,0x0000002738600000]
Native frames: (J=compiled Java code, j=interpreted, Vv=VM code, C=native code)
V  [jvm.dll+0x62ae9a]
V  [jvm.dll+0x7817a9]
V  [jvm.dll+0x782f03]
V  [jvm.dll+0x783563]
V  [jvm.dll+0x216325]
V  [jvm.dll+0x97f3a]
V  [jvm.dll+0x9861c]
V  [jvm.dll+0x32e305]
V  [jvm.dll+0x2f768a]
V  [jvm.dll+0x2f6a4a]
V  [jvm.dll+0x1ea705]
V  [jvm.dll+0x1e996e]
V  [jvm.dll+0x178567]
V  [jvm.dll+0x1f9225]
V  [jvm.dll+0x1f72cc]
V  [jvm.dll+0x74495d]
V  [jvm.dll+0x73d75a]
V  [jvm.dll+0x629c56]
C  [ucrtbase.dll+0x21bb2]
C  [KERNEL32.DLL+0x17614]
C  [ntdll.dll+0x526a1]


---------------  P R O C E S S  ---------------

Threads class SMR info:
_java_thread_list=0x000001707740a6e0, length=137, elements={
0x0000017053ba55a0, 0x00000170706708a0, 0x0000017070672390, 0x0000017070687550,
0x0000017070689f20, 0x000001707068a8e0, 0x000001707068c5e0, 0x000001707068efa0,
0x0000017070691cb0, 0x00000170738ccd50, 0x00000170738da000, 0x0000017075b3d030,
0x0000017076248890, 0x0000017074f03780, 0x0000017074edcef0, 0x0000017075bb72e0,
0x0000017075c5d840, 0x0000017074e8fca0, 0x00000170758dcaa0, 0x00000170758db8e0,
0x00000170752ba690, 0x00000170752bd1e0, 0x00000170752bc370, 0x00000170752bbea0,
0x00000170752bc840, 0x00000170752bb030, 0x00000170752bb9d0, 0x00000170752bcd10,
0x00000170752bdb80, 0x00000170752bb500, 0x00000170752bd6b0, 0x0000017073aedb30,
0x0000017073aee000, 0x0000017073aee4d0, 0x0000017073aef340, 0x0000017073aed190,
0x0000017073aeccc0, 0x0000017073ae8490, 0x0000017073aec7f0, 0x0000017073ae97d0,
0x0000017073aee9a0, 0x0000017073ae9ca0, 0x0000017073aea640, 0x0000017073aea170,
0x0000017073aeab10, 0x0000017073aeafe0, 0x0000017073aeb980, 0x0000017073aec320,
0x0000017073aeee70, 0x0000017073aeb4b0, 0x00000170757e1d60, 0x00000170757e1890,
0x00000170757e3f10, 0x00000170757dd530, 0x00000170757dda00, 0x00000170757ded40,
0x00000170757e43e0, 0x00000170757e2700, 0x00000170757de870, 0x00000170757e0080,
0x00000170757e2bd0, 0x00000170757e3570, 0x00000170757e13c0, 0x00000170757e48b0,
0x00000170757dfbb0, 0x00000170757dd060, 0x00000170757e0a20, 0x00000170757e0ef0,
0x00000170757e30a0, 0x00000170757df210, 0x00000170757dded0, 0x00000170757e0550,
0x00000170757e3a40, 0x00000170757de3a0, 0x00000170757df6e0, 0x00000170757e2230,
0x00000170757b0f40, 0x00000170757b1410, 0x00000170757b0a70, 0x00000170757b30f0,
0x00000170757adf20, 0x00000170757b1db0, 0x00000170757b4dd0, 0x00000170757b35c0,
0x00000170757b05a0, 0x00000170757b2750, 0x00000170757b2c20, 0x00000170757b3f60,
0x00000170757af730, 0x00000170757aed90, 0x00000170757ae8c0, 0x00000170757b4430,
0x00000170757b52a0, 0x00000170757b5770, 0x00000170757ae3f0, 0x00000170757afc00,
0x00000170757b00d0, 0x00000170757b2280, 0x0000017075388b90, 0x00000170753869e0,
0x0000017075386510, 0x0000017075387380, 0x0000017075386040, 0x0000017075389060,
0x0000017075384d00, 0x0000017075389530, 0x0000017075384360, 0x0000017075386eb0,
0x0000017075387d20, 0x0000017075383e90, 0x0000017075384830, 0x00000170753856a0,
0x00000170753839c0, 0x00000170753886c0, 0x000001707538a3a0, 0x000001707538a870,
0x0000017075385b70, 0x0000017075387850, 0x0000017075389ed0, 0x0000017075389a00,
0x000001707538b210, 0x000001707aa76840, 0x000001707aa79390, 0x000001707aa79860,
0x000001707aa771e0, 0x000001707aa79d30, 0x000001707aa78520, 0x000001707aa776b0,
0x000001707aa77b80, 0x000001707aa78050, 0x000001707aa789f0, 0x000001707aa78ec0,
0x000001707aa7a200, 0x000001707aa76d10, 0x00000170760eb2a0, 0x00000170762442a0,
0x00000170762456e0
}

Java Threads: ( => current thread )
  0x0000017053ba55a0 JavaThread "main" [_thread_blocked, id=30084, stack(0x0000002732500000,0x0000002732600000)]
  0x00000170706708a0 JavaThread "Reference Handler" daemon [_thread_blocked, id=44516, stack(0x0000002732c00000,0x0000002732d00000)]
  0x0000017070672390 JavaThread "Finalizer" daemon [_thread_blocked, id=32112, stack(0x0000002732d00000,0x0000002732e00000)]
  0x0000017070687550 JavaThread "Signal Dispatcher" daemon [_thread_blocked, id=252, stack(0x0000002732e00000,0x0000002732f00000)]
  0x0000017070689f20 JavaThread "Attach Listener" daemon [_thread_blocked, id=22048, stack(0x0000002732f00000,0x0000002733000000)]
  0x000001707068a8e0 JavaThread "Service Thread" daemon [_thread_blocked, id=21676, stack(0x0000002733000000,0x0000002733100000)]
  0x000001707068c5e0 JavaThread "C2 CompilerThread0" daemon [_thread_in_native, id=45728, stack(0x0000002733100000,0x0000002733200000)]
  0x000001707068efa0 JavaThread "C1 CompilerThread0" daemon [_thread_in_native, id=31804, stack(0x0000002733200000,0x0000002733300000)]
  0x0000017070691cb0 JavaThread "Sweeper thread" daemon [_thread_blocked, id=27188, stack(0x0000002733300000,0x0000002733400000)]
  0x00000170738ccd50 JavaThread "Common-Cleaner" daemon [_thread_blocked, id=46000, stack(0x0000002733400000,0x0000002733500000)]
  0x00000170738da000 JavaThread "Notification Thread" daemon [_thread_blocked, id=5628, stack(0x0000002733500000,0x0000002733600000)]
  0x0000017075b3d030 JavaThread "Daemon health stats" [_thread_blocked, id=7368, stack(0x0000002733c00000,0x0000002733d00000)]
  0x0000017076248890 JavaThread "Incoming local TCP Connector on port 53452" [_thread_in_native, id=32832, stack(0x0000002733700000,0x0000002733800000)]
  0x0000017074f03780 JavaThread "Daemon periodic checks" [_thread_blocked, id=21624, stack(0x0000002733d00000,0x0000002733e00000)]
  0x0000017074edcef0 JavaThread "Daemon" [_thread_blocked, id=17324, stack(0x0000002733e00000,0x0000002733f00000)]
  0x0000017075bb72e0 JavaThread "Handler for socket connection from /127.0.0.1:53452 to /127.0.0.1:53453" [_thread_in_native, id=40208, stack(0x0000002733f00000,0x0000002734000000)]
  0x0000017075c5d840 JavaThread "Cancel handler" [_thread_blocked, id=27924, stack(0x0000002734000000,0x0000002734100000)]
  0x0000017074e8fca0 JavaThread "Daemon worker" [_thread_in_Java, id=34668, stack(0x0000002734100000,0x0000002734200000)]
  0x00000170758dcaa0 JavaThread "Asynchronous log dispatcher for DefaultDaemonConnection: socket connection from /127.0.0.1:53452 to /127.0.0.1:53453" [_thread_blocked, id=23212, stack(0x0000002734200000,0x0000002734300000)]
  0x00000170758db8e0 JavaThread "Stdin handler" [_thread_blocked, id=33068, stack(0x0000002734300000,0x0000002734400000)]
  0x00000170752ba690 JavaThread "Daemon client event forwarder" [_thread_blocked, id=40664, stack(0x0000002734400000,0x0000002734500000)]
  0x00000170752bd1e0 JavaThread "Cache worker for journal cache (C:\Users\n0bi\.gradle\caches\journal-1)" [_thread_blocked, id=42760, stack(0x0000002734600000,0x0000002734700000)]
  0x00000170752bc370 JavaThread "File lock request listener" [_thread_in_native, id=30620, stack(0x0000002734700000,0x0000002734800000)]
  0x00000170752bbea0 JavaThread "Cache worker for file hash cache (C:\Users\n0bi\.gradle\caches\7.5.1\fileHashes)" [_thread_blocked, id=46212, stack(0x0000002734500000,0x0000002734600000)]
  0x00000170752bc840 JavaThread "File watcher server" daemon [_thread_in_native, id=13700, stack(0x0000002734900000,0x0000002734a00000)]
  0x00000170752bb030 JavaThread "File watcher consumer" daemon [_thread_blocked, id=30696, stack(0x0000002734a00000,0x0000002734b00000)]
  0x00000170752bb9d0 JavaThread "Cache worker for checksums cache (D:\RN4\FitEatPro\android\.gradle\7.5.1\checksums)" [_thread_blocked, id=43456, stack(0x0000002734b00000,0x0000002734c00000)]
  0x00000170752bcd10 JavaThread "Cache worker for cache directory md-rule (C:\Users\n0bi\.gradle\caches\7.5.1\md-rule)" [_thread_blocked, id=38048, stack(0x0000002734c00000,0x0000002734d00000)]
  0x00000170752bdb80 JavaThread "Cache worker for file content cache (C:\Users\n0bi\.gradle\caches\7.5.1\fileContent)" [_thread_blocked, id=11800, stack(0x0000002734d00000,0x0000002734e00000)]
  0x00000170752bb500 JavaThread "Cache worker for file hash cache (D:\RN4\FitEatPro\android\.gradle\7.5.1\fileHashes)" [_thread_blocked, id=45600, stack(0x0000002735300000,0x0000002735400000)]
  0x00000170752bd6b0 JavaThread "Cache worker for cache directory md-supplier (C:\Users\n0bi\.gradle\caches\7.5.1\md-supplier)" [_thread_blocked, id=37776, stack(0x0000002735400000,0x0000002735500000)]
  0x0000017073aedb30 JavaThread "Cache worker for execution history cache (C:\Users\n0bi\.gradle\caches\7.5.1\executionHistory)" [_thread_blocked, id=44852, stack(0x0000002735500000,0x0000002735600000)]
  0x0000017073aee000 JavaThread "jar transforms" [_thread_blocked, id=42416, stack(0x0000002735700000,0x0000002735800000)]
  0x0000017073aee4d0 JavaThread "jar transforms Thread 2" [_thread_blocked, id=38532, stack(0x0000002735800000,0x0000002735900000)]
  0x0000017073aef340 JavaThread "jar transforms Thread 3" [_thread_blocked, id=33568, stack(0x0000002735900000,0x0000002735a00000)]
  0x0000017073aed190 JavaThread "jar transforms Thread 4" [_thread_blocked, id=20352, stack(0x0000002735a00000,0x0000002735b00000)]
  0x0000017073aeccc0 JavaThread "Cache worker for kotlin-dsl (C:\Users\n0bi\.gradle\caches\7.5.1\kotlin-dsl)" [_thread_blocked, id=29352, stack(0x0000002735600000,0x0000002735700000)]
  0x0000017073ae8490 JavaThread "jar transforms Thread 5" [_thread_blocked, id=20176, stack(0x0000002735c00000,0x0000002735d00000)]
  0x0000017073aec7f0 JavaThread "jar transforms Thread 6" [_thread_blocked, id=10800, stack(0x0000002735d00000,0x0000002735e00000)]
  0x0000017073ae97d0 JavaThread "Cache worker for dependencies-accessors (D:\RN4\FitEatPro\android\.gradle\7.5.1\dependencies-accessors)" [_thread_blocked, id=42876, stack(0x0000002735e00000,0x0000002735f00000)]
  0x0000017073aee9a0 JavaThread "Cache worker for Build Output Cleanup Cache (D:\RN4\FitEatPro\node_modules\react-native-gradle-plugin\.gradle\buildOutputCleanup)" [_thread_blocked, id=44192, stack(0x0000002735f00000,0x0000002736000000)]
  0x0000017073ae9ca0 JavaThread "jar transforms Thread 7" [_thread_blocked, id=25200, stack(0x0000002736000000,0x0000002736100000)]
  0x0000017073aea640 JavaThread "Unconstrained build operations" [_thread_blocked, id=41076, stack(0x0000002736100000,0x0000002736200000)]
  0x0000017073aea170 JavaThread "Unconstrained build operations Thread 2" [_thread_blocked, id=42644, stack(0x0000002736200000,0x0000002736300000)]
  0x0000017073aeab10 JavaThread "Unconstrained build operations Thread 3" [_thread_blocked, id=31152, stack(0x0000002736300000,0x0000002736400000)]
  0x0000017073aeafe0 JavaThread "Unconstrained build operations Thread 4" [_thread_blocked, id=23992, stack(0x0000002736400000,0x0000002736500000)]
  0x0000017073aeb980 JavaThread "Unconstrained build operations Thread 5" [_thread_blocked, id=39080, stack(0x0000002736500000,0x0000002736600000)]
  0x0000017073aec320 JavaThread "Unconstrained build operations Thread 6" [_thread_blocked, id=33064, stack(0x0000002736600000,0x0000002736700000)]
  0x0000017073aeee70 JavaThread "Unconstrained build operations Thread 7" [_thread_blocked, id=33400, stack(0x0000002736700000,0x0000002736800000)]
  0x0000017073aeb4b0 JavaThread "Unconstrained build operations Thread 8" [_thread_blocked, id=29960, stack(0x0000002736800000,0x0000002736900000)]
  0x00000170757e1d60 JavaThread "Unconstrained build operations Thread 9" [_thread_blocked, id=43472, stack(0x0000002736900000,0x0000002736a00000)]
  0x00000170757e1890 JavaThread "Unconstrained build operations Thread 10" [_thread_blocked, id=19392, stack(0x0000002736a00000,0x0000002736b00000)]
  0x00000170757e3f10 JavaThread "Unconstrained build operations Thread 11" [_thread_blocked, id=10452, stack(0x0000002736b00000,0x0000002736c00000)]
  0x00000170757dd530 JavaThread "Unconstrained build operations Thread 12" [_thread_blocked, id=17444, stack(0x0000002736c00000,0x0000002736d00000)]
  0x00000170757dda00 JavaThread "Unconstrained build operations Thread 13" [_thread_blocked, id=20112, stack(0x0000002736d00000,0x0000002736e00000)]
  0x00000170757ded40 JavaThread "Unconstrained build operations Thread 14" [_thread_blocked, id=7520, stack(0x0000002736e00000,0x0000002736f00000)]
  0x00000170757e43e0 JavaThread "Unconstrained build operations Thread 15" [_thread_blocked, id=27820, stack(0x0000002736f00000,0x0000002737000000)]
  0x00000170757e2700 JavaThread "Unconstrained build operations Thread 16" [_thread_blocked, id=21788, stack(0x0000002737000000,0x0000002737100000)]
  0x00000170757de870 JavaThread "Unconstrained build operations Thread 17" [_thread_blocked, id=35156, stack(0x0000002737100000,0x0000002737200000)]
  0x00000170757e0080 JavaThread "Unconstrained build operations Thread 18" [_thread_blocked, id=46824, stack(0x0000002737200000,0x0000002737300000)]
  0x00000170757e2bd0 JavaThread "Unconstrained build operations Thread 19" [_thread_blocked, id=43624, stack(0x0000002737300000,0x0000002737400000)]
  0x00000170757e3570 JavaThread "Unconstrained build operations Thread 20" [_thread_blocked, id=1876, stack(0x0000002737400000,0x0000002737500000)]
  0x00000170757e13c0 JavaThread "Unconstrained build operations Thread 21" [_thread_blocked, id=22844, stack(0x0000002737500000,0x0000002737600000)]
  0x00000170757e48b0 JavaThread "Unconstrained build operations Thread 22" [_thread_blocked, id=28972, stack(0x0000002737600000,0x0000002737700000)]
  0x00000170757dfbb0 JavaThread "Unconstrained build operations Thread 23" [_thread_blocked, id=2948, stack(0x0000002737700000,0x0000002737800000)]
  0x00000170757dd060 JavaThread "Unconstrained build operations Thread 24" [_thread_blocked, id=29456, stack(0x0000002737800000,0x0000002737900000)]
  0x00000170757e0a20 JavaThread "Unconstrained build operations Thread 25" [_thread_blocked, id=47004, stack(0x0000002737900000,0x0000002737a00000)]
  0x00000170757e0ef0 JavaThread "Unconstrained build operations Thread 26" [_thread_blocked, id=12016, stack(0x0000002737a00000,0x0000002737b00000)]
  0x00000170757e30a0 JavaThread "Unconstrained build operations Thread 27" [_thread_blocked, id=25656, stack(0x0000002737b00000,0x0000002737c00000)]
  0x00000170757df210 JavaThread "Unconstrained build operations Thread 28" [_thread_blocked, id=28176, stack(0x0000002737c00000,0x0000002737d00000)]
  0x00000170757dded0 JavaThread "Unconstrained build operations Thread 29" [_thread_blocked, id=44932, stack(0x0000002737d00000,0x0000002737e00000)]
  0x00000170757e0550 JavaThread "Unconstrained build operations Thread 30" [_thread_blocked, id=11336, stack(0x0000002737e00000,0x0000002737f00000)]
  0x00000170757e3a40 JavaThread "Unconstrained build operations Thread 31" [_thread_blocked, id=8548, stack(0x0000002737f00000,0x0000002738000000)]
  0x00000170757de3a0 JavaThread "Unconstrained build operations Thread 32" [_thread_blocked, id=32952, stack(0x0000002738000000,0x0000002738100000)]
  0x00000170757df6e0 JavaThread "Unconstrained build operations Thread 33" [_thread_blocked, id=10820, stack(0x0000002738100000,0x0000002738200000)]
  0x00000170757e2230 JavaThread "jar transforms Thread 8" [_thread_blocked, id=28408, stack(0x0000002738200000,0x0000002738300000)]
  0x00000170757b0f40 JavaThread "build event listener" [_thread_blocked, id=38416, stack(0x0000002738300000,0x0000002738400000)]
  0x00000170757b1410 JavaThread "Memory manager" [_thread_blocked, id=9100, stack(0x0000002738400000,0x0000002738500000)]
  0x00000170757b0a70 JavaThread "Cache worker for Build Output Cleanup Cache (D:\RN4\FitEatPro\android\.gradle\buildOutputCleanup)" [_thread_blocked, id=41156, stack(0x0000002735b00000,0x0000002735c00000)]
  0x00000170757b30f0 JavaThread "included builds" [_thread_blocked, id=43936, stack(0x0000002738600000,0x0000002738700000)]
  0x00000170757adf20 JavaThread "Execution worker" [_thread_blocked, id=25312, stack(0x0000002738700000,0x0000002738800000)]
  0x00000170757b1db0 JavaThread "Execution worker Thread 2" [_thread_blocked, id=1692, stack(0x0000002738800000,0x0000002738900000)]
  0x00000170757b4dd0 JavaThread "Execution worker Thread 3" [_thread_blocked, id=24508, stack(0x0000002738900000,0x0000002738a00000)]
  0x00000170757b35c0 JavaThread "Execution worker Thread 4" [_thread_blocked, id=28580, stack(0x0000002738a00000,0x0000002738b00000)]
  0x00000170757b05a0 JavaThread "Execution worker Thread 5" [_thread_blocked, id=42480, stack(0x0000002738b00000,0x0000002738c00000)]
  0x00000170757b2750 JavaThread "Execution worker Thread 6" [_thread_blocked, id=26892, stack(0x0000002738c00000,0x0000002738d00000)]
  0x00000170757b2c20 JavaThread "Execution worker Thread 7" [_thread_blocked, id=45856, stack(0x0000002738d00000,0x0000002738e00000)]
  0x00000170757b3f60 JavaThread "Cache worker for execution history cache (D:\RN4\FitEatPro\node_modules\react-native-gradle-plugin\.gradle\7.5.1\executionHistory)" [_thread_blocked, id=40636, stack(0x0000002738e00000,0x0000002738f00000)]
  0x00000170757af730 JavaThread "Unconstrained build operations Thread 34" [_thread_blocked, id=35268, stack(0x0000002738f00000,0x0000002739000000)]
  0x00000170757aed90 JavaThread "Unconstrained build operations Thread 35" [_thread_blocked, id=14908, stack(0x0000002739000000,0x0000002739100000)]
  0x00000170757ae8c0 JavaThread "Unconstrained build operations Thread 36" [_thread_blocked, id=25032, stack(0x0000002739100000,0x0000002739200000)]
  0x00000170757b4430 JavaThread "Unconstrained build operations Thread 37" [_thread_blocked, id=42900, stack(0x0000002739200000,0x0000002739300000)]
  0x00000170757b52a0 JavaThread "Unconstrained build operations Thread 38" [_thread_blocked, id=46560, stack(0x0000002739300000,0x0000002739400000)]
  0x00000170757b5770 JavaThread "Unconstrained build operations Thread 39" [_thread_blocked, id=10752, stack(0x0000002739400000,0x0000002739500000)]
  0x00000170757ae3f0 JavaThread "Unconstrained build operations Thread 40" [_thread_blocked, id=1832, stack(0x0000002739500000,0x0000002739600000)]
  0x00000170757afc00 JavaThread "Unconstrained build operations Thread 41" [_thread_blocked, id=44388, stack(0x0000002739600000,0x0000002739700000)]
  0x00000170757b00d0 JavaThread "Unconstrained build operations Thread 42" [_thread_blocked, id=9436, stack(0x0000002739700000,0x0000002739800000)]
  0x00000170757b2280 JavaThread "Unconstrained build operations Thread 43" [_thread_blocked, id=39704, stack(0x0000002739800000,0x0000002739900000)]
  0x0000017075388b90 JavaThread "Unconstrained build operations Thread 44" [_thread_blocked, id=31888, stack(0x0000002739900000,0x0000002739a00000)]
  0x00000170753869e0 JavaThread "Unconstrained build operations Thread 45" [_thread_blocked, id=32616, stack(0x0000002739a00000,0x0000002739b00000)]
  0x0000017075386510 JavaThread "Unconstrained build operations Thread 46" [_thread_blocked, id=42332, stack(0x0000002739b00000,0x0000002739c00000)]
  0x0000017075387380 JavaThread "Unconstrained build operations Thread 47" [_thread_blocked, id=29160, stack(0x0000002739c00000,0x0000002739d00000)]
  0x0000017075386040 JavaThread "Unconstrained build operations Thread 48" [_thread_blocked, id=11708, stack(0x0000002739d00000,0x0000002739e00000)]
  0x0000017075389060 JavaThread "Unconstrained build operations Thread 49" [_thread_blocked, id=39620, stack(0x0000002739e00000,0x0000002739f00000)]
  0x0000017075384d00 JavaThread "Unconstrained build operations Thread 50" [_thread_blocked, id=45060, stack(0x0000002739f00000,0x000000273a000000)]
  0x0000017075389530 JavaThread "Unconstrained build operations Thread 51" [_thread_blocked, id=41636, stack(0x000000273a000000,0x000000273a100000)]
  0x0000017075384360 JavaThread "Unconstrained build operations Thread 52" [_thread_blocked, id=8756, stack(0x000000273a100000,0x000000273a200000)]
  0x0000017075386eb0 JavaThread "Unconstrained build operations Thread 53" [_thread_blocked, id=45432, stack(0x000000273a200000,0x000000273a300000)]
  0x0000017075387d20 JavaThread "Unconstrained build operations Thread 54" [_thread_blocked, id=25396, stack(0x000000273a300000,0x000000273a400000)]
  0x0000017075383e90 JavaThread "Unconstrained build operations Thread 55" [_thread_blocked, id=27684, stack(0x000000273a400000,0x000000273a500000)]
  0x0000017075384830 JavaThread "Unconstrained build operations Thread 56" [_thread_blocked, id=45092, stack(0x000000273a500000,0x000000273a600000)]
  0x00000170753856a0 JavaThread "Unconstrained build operations Thread 57" [_thread_blocked, id=35068, stack(0x000000273a600000,0x000000273a700000)]
  0x00000170753839c0 JavaThread "Unconstrained build operations Thread 58" [_thread_blocked, id=43832, stack(0x000000273a700000,0x000000273a800000)]
  0x00000170753886c0 JavaThread "Unconstrained build operations Thread 59" [_thread_blocked, id=7140, stack(0x000000273a800000,0x000000273a900000)]
  0x000001707538a3a0 JavaThread "Unconstrained build operations Thread 60" [_thread_blocked, id=23824, stack(0x000000273a900000,0x000000273aa00000)]
  0x000001707538a870 JavaThread "Unconstrained build operations Thread 61" [_thread_blocked, id=46780, stack(0x000000273aa00000,0x000000273ab00000)]
  0x0000017075385b70 JavaThread "Unconstrained build operations Thread 62" [_thread_blocked, id=23352, stack(0x000000273ab00000,0x000000273ac00000)]
  0x0000017075387850 JavaThread "Unconstrained build operations Thread 63" [_thread_blocked, id=13204, stack(0x000000273ac00000,0x000000273ad00000)]
  0x0000017075389ed0 JavaThread "Unconstrained build operations Thread 64" [_thread_blocked, id=7148, stack(0x000000273ad00000,0x000000273ae00000)]
  0x0000017075389a00 JavaThread "Unconstrained build operations Thread 65" [_thread_blocked, id=17984, stack(0x000000273ae00000,0x000000273af00000)]
  0x000001707538b210 JavaThread "Unconstrained build operations Thread 66" [_thread_blocked, id=12576, stack(0x000000273af00000,0x000000273b000000)]
  0x000001707aa76840 JavaThread "Unconstrained build operations Thread 67" [_thread_blocked, id=3256, stack(0x000000273b000000,0x000000273b100000)]
  0x000001707aa79390 JavaThread "Unconstrained build operations Thread 68" [_thread_blocked, id=22868, stack(0x000000273b100000,0x000000273b200000)]
  0x000001707aa79860 JavaThread "Unconstrained build operations Thread 69" [_thread_blocked, id=28060, stack(0x000000273b200000,0x000000273b300000)]
  0x000001707aa771e0 JavaThread "Unconstrained build operations Thread 70" [_thread_blocked, id=46732, stack(0x000000273b300000,0x000000273b400000)]
  0x000001707aa79d30 JavaThread "Unconstrained build operations Thread 71" [_thread_blocked, id=43420, stack(0x000000273b400000,0x000000273b500000)]
  0x000001707aa78520 JavaThread "Unconstrained build operations Thread 72" [_thread_blocked, id=10784, stack(0x000000273b500000,0x000000273b600000)]
  0x000001707aa776b0 JavaThread "Unconstrained build operations Thread 73" [_thread_blocked, id=41232, stack(0x000000273b600000,0x000000273b700000)]
  0x000001707aa77b80 JavaThread "Unconstrained build operations Thread 74" [_thread_blocked, id=21956, stack(0x000000273b700000,0x000000273b800000)]
  0x000001707aa78050 JavaThread "Unconstrained build operations Thread 75" [_thread_blocked, id=30500, stack(0x000000273b800000,0x000000273b900000)]
  0x000001707aa789f0 JavaThread "Unconstrained build operations Thread 76" [_thread_blocked, id=19528, stack(0x000000273b900000,0x000000273ba00000)]
  0x000001707aa78ec0 JavaThread "Unconstrained build operations Thread 77" [_thread_blocked, id=45000, stack(0x000000273ba00000,0x000000273bb00000)]
  0x000001707aa7a200 JavaThread "Unconstrained build operations Thread 78" [_thread_blocked, id=17932, stack(0x000000273bb00000,0x000000273bc00000)]
  0x000001707aa76d10 JavaThread "Unconstrained build operations Thread 79" [_thread_blocked, id=17508, stack(0x000000273bc00000,0x000000273bd00000)]
  0x00000170760eb2a0 JavaThread "Unconstrained build operations Thread 80" [_thread_blocked, id=23936, stack(0x000000273bd00000,0x000000273be00000)]
  0x00000170762442a0 JavaThread "C2 CompilerThread1" daemon [_thread_in_native, id=16124, stack(0x0000002734800000,0x0000002734900000)]
=>0x00000170762456e0 JavaThread "C2 CompilerThread2" daemon [_thread_in_native, id=25116, stack(0x0000002738500000,0x0000002738600000)]

Other Threads:
  0x000001707066c100 VMThread "VM Thread" [stack: 0x0000002732b00000,0x0000002732c00000] [id=41568]
  0x00000170738de4e0 WatcherThread [stack: 0x0000002733600000,0x0000002733700000] [id=19912]
  0x0000017053be96c0 GCTaskThread "GC Thread#0" [stack: 0x0000002732600000,0x0000002732700000] [id=18132]
  0x000001707450ceb0 GCTaskThread "GC Thread#1" [stack: 0x0000002733800000,0x0000002733900000] [id=18452]
  0x000001707450db70 GCTaskThread "GC Thread#2" [stack: 0x0000002733900000,0x0000002733a00000] [id=16864]
  0x000001707450c850 GCTaskThread "GC Thread#3" [stack: 0x0000002733a00000,0x0000002733b00000] [id=35032]
  0x000001707450ee90 GCTaskThread "GC Thread#4" [stack: 0x0000002734e00000,0x0000002734f00000] [id=34264]
  0x000001707450cb80 GCTaskThread "GC Thread#5" [stack: 0x0000002734f00000,0x0000002735000000] [id=2528]
  0x000001707450d840 GCTaskThread "GC Thread#6" [stack: 0x0000002735000000,0x0000002735100000] [id=45040]
  0x000001707450dea0 GCTaskThread "GC Thread#7" [stack: 0x0000002735100000,0x0000002735200000] [id=28792]
  0x0000017053beb4c0 ConcurrentGCThread "G1 Main Marker" [stack: 0x0000002732700000,0x0000002732800000] [id=20888]
  0x0000017053bebfc0 ConcurrentGCThread "G1 Conc#0" [stack: 0x0000002732800000,0x0000002732900000] [id=33320]
  0x000001707450e1d0 ConcurrentGCThread "G1 Conc#1" [stack: 0x0000002735200000,0x0000002735300000] [id=39376]
  0x0000017070588dc0 ConcurrentGCThread "G1 Refine#0" [stack: 0x0000002732900000,0x0000002732a00000] [id=16100]
  0x00000170747f51b0 ConcurrentGCThread "G1 Refine#1" [stack: 0x0000002733b00000,0x0000002733c00000] [id=19764]
  0x0000017077d03180 ConcurrentGCThread "G1 Refine#2" [stack: 0x000000273be00000,0x000000273bf00000] [id=19704]
  0x0000017077d00900 ConcurrentGCThread "G1 Refine#3" [stack: 0x000000273bf00000,0x000000273c000000] [id=45608]
  0x00000170705898d0 ConcurrentGCThread "G1 Young RemSet Sampling" [stack: 0x0000002732a00000,0x0000002732b00000] [id=25364]

Threads with active compile tasks:
C2 CompilerThread0    31696 9362       4       java.beans.Introspector::addMethod (196 bytes)
C2 CompilerThread1    31697 9335 %     4       groovy.lang.MetaClassImpl::inheritInterfaceNewMetaMethods @ 100 (195 bytes)
C2 CompilerThread2    31697 9394       4       com.sun.beans.TypeResolver::resolve (37 bytes)

VM state: not at safepoint (normal execution)

VM Mutex/Monitor currently owned by a thread: None

Heap address: 0x0000000080000000, size: 2048 MB, Compressed Oops mode: 32-bit
CDS archive(s) mapped at: [0x0000000800000000-0x0000000800b50000-0x0000000800b50000), size 11862016, SharedBaseAddress: 0x0000000800000000, ArchiveRelocationMode: 0.
Compressed class space mapped at: 0x0000000800b50000-0x0000000820350000, size: 528482304
Narrow klass base: 0x0000000800000000, Narrow klass shift: 3, Narrow klass range: 0x100000000

GC Precious Log:
 CPUs: 8 total, 8 available
 Memory: 12189M
 Large Page Support: Disabled
 NUMA Support: Disabled
 Compressed Oops: Enabled (32-bit)
 Heap Region Size: 1M
 Heap Min Capacity: 8M
 Heap Initial Capacity: 192M
 Heap Max Capacity: 2G
 Pre-touch: Disabled
 Parallel Workers: 8
 Concurrent Workers: 2
 Concurrent Refinement Workers: 8
 Periodic GC: Disabled

Heap:
 garbage-first heap   total 147456K, used 101982K [0x0000000080000000, 0x0000000100000000)
  region size 1024K, 30 young (30720K), 5 survivors (5120K)
 Metaspace       used 75407K, capacity 76626K, committed 76720K, reserved 583680K
  class space    used 9995K, capacity 10425K, committed 10496K, reserved 516096K

Heap Regions: E=young(eden), S=young(survivor), O=old, HS=humongous(starts), HC=humongous(continues), CS=collection set, F=free, OA=open archive, CA=closed archive, TAMS=top-at-mark-start (previous, next)
|   0|0x0000000080000000, 0x0000000080100000, 0x0000000080100000|100%| O|  |TAMS 0x0000000080100000, 0x0000000080000000| Untracked 
|   1|0x0000000080100000, 0x0000000080200000, 0x0000000080200000|100%| O|  |TAMS 0x0000000080200000, 0x0000000080100000| Untracked 
|   2|0x0000000080200000, 0x0000000080300000, 0x0000000080300000|100%| O|  |TAMS 0x0000000080300000, 0x0000000080200000| Untracked 
|   3|0x0000000080300000, 0x0000000080400000, 0x0000000080400000|100%|HS|  |TAMS 0x0000000080400000, 0x0000000080300000| Complete 
|   4|0x0000000080400000, 0x0000000080500000, 0x0000000080500000|100%|HC|  |TAMS 0x0000000080500000, 0x0000000080400000| Complete 
|   5|0x0000000080500000, 0x0000000080600000, 0x0000000080600000|100%|HC|  |TAMS 0x0000000080600000, 0x0000000080500000| Complete 
|   6|0x0000000080600000, 0x0000000080600000, 0x0000000080700000|  0%| F|  |TAMS 0x0000000080600000, 0x0000000080600000| Untracked 
|   7|0x0000000080700000, 0x0000000080800000, 0x0000000080800000|100%| O|  |TAMS 0x0000000080800000, 0x0000000080700000| Untracked 
|   8|0x0000000080800000, 0x0000000080900000, 0x0000000080900000|100%| O|  |TAMS 0x0000000080900000, 0x0000000080800000| Untracked 
|   9|0x0000000080900000, 0x0000000080a00000, 0x0000000080a00000|100%| O|  |TAMS 0x0000000080a00000, 0x0000000080900000| Untracked 
|  10|0x0000000080a00000, 0x0000000080b00000, 0x0000000080b00000|100%| O|  |TAMS 0x0000000080b00000, 0x0000000080a00000| Untracked 
|  11|0x0000000080b00000, 0x0000000080c00000, 0x0000000080c00000|100%| O|  |TAMS 0x0000000080c00000, 0x0000000080b00000| Untracked 
|  12|0x0000000080c00000, 0x0000000080d00000, 0x0000000080d00000|100%| O|  |TAMS 0x0000000080d00000, 0x0000000080c00000| Untracked 
|  13|0x0000000080d00000, 0x0000000080e00000, 0x0000000080e00000|100%| O|  |TAMS 0x0000000080e00000, 0x0000000080d00000| Untracked 
|  14|0x0000000080e00000, 0x0000000080f00000, 0x0000000080f00000|100%| O|  |TAMS 0x0000000080f00000, 0x0000000080e00000| Untracked 
|  15|0x0000000080f00000, 0x0000000081000000, 0x0000000081000000|100%| O|  |TAMS 0x0000000081000000, 0x0000000080f00000| Untracked 
|  16|0x0000000081000000, 0x0000000081100000, 0x0000000081100000|100%| O|  |TAMS 0x0000000081100000, 0x0000000081000000| Untracked 
|  17|0x0000000081100000, 0x0000000081200000, 0x0000000081200000|100%| O|  |TAMS 0x0000000081200000, 0x0000000081100000| Untracked 
|  18|0x0000000081200000, 0x0000000081300000, 0x0000000081300000|100%| O|  |TAMS 0x0000000081300000, 0x0000000081200000| Untracked 
|  19|0x0000000081300000, 0x0000000081400000, 0x0000000081400000|100%| O|  |TAMS 0x0000000081400000, 0x0000000081300000| Untracked 
|  20|0x0000000081400000, 0x0000000081500000, 0x0000000081500000|100%| O|  |TAMS 0x0000000081500000, 0x0000000081400000| Untracked 
|  21|0x0000000081500000, 0x0000000081600000, 0x0000000081600000|100%| O|  |TAMS 0x0000000081600000, 0x0000000081500000| Untracked 
|  22|0x0000000081600000, 0x0000000081700000, 0x0000000081700000|100%| O|  |TAMS 0x0000000081700000, 0x0000000081600000| Untracked 
|  23|0x0000000081700000, 0x0000000081800000, 0x0000000081800000|100%| O|  |TAMS 0x0000000081700000, 0x0000000081700000| Untracked 
|  24|0x0000000081800000, 0x0000000081900000, 0x0000000081900000|100%| O|  |TAMS 0x0000000081900000, 0x0000000081800000| Untracked 
|  25|0x0000000081900000, 0x0000000081a00000, 0x0000000081a00000|100%| O|  |TAMS 0x0000000081900000, 0x0000000081900000| Untracked 
|  26|0x0000000081a00000, 0x0000000081a97a00, 0x0000000081b00000| 59%| O|  |TAMS 0x0000000081a00000, 0x0000000081a00000| Untracked 
|  27|0x0000000081b00000, 0x0000000081c00000, 0x0000000081c00000|100%| O|  |TAMS 0x0000000081c00000, 0x0000000081b00000| Untracked 
|  28|0x0000000081c00000, 0x0000000081d00000, 0x0000000081d00000|100%| O|  |TAMS 0x0000000081d00000, 0x0000000081c00000| Untracked 
|  29|0x0000000081d00000, 0x0000000081e00000, 0x0000000081e00000|100%| O|  |TAMS 0x0000000081e00000, 0x0000000081d00000| Untracked 
|  30|0x0000000081e00000, 0x0000000081f00000, 0x0000000081f00000|100%| O|  |TAMS 0x0000000081f00000, 0x0000000081e00000| Untracked 
|  31|0x0000000081f00000, 0x0000000081f00000, 0x0000000082000000|  0%| F|  |TAMS 0x0000000081f00000, 0x0000000081f00000| Untracked 
|  32|0x0000000082000000, 0x0000000082100000, 0x0000000082100000|100%| O|  |TAMS 0x0000000082100000, 0x0000000082000000| Untracked 
|  33|0x0000000082100000, 0x0000000082200000, 0x0000000082200000|100%| O|  |TAMS 0x0000000082200000, 0x0000000082100000| Untracked 
|  34|0x0000000082200000, 0x0000000082300000, 0x0000000082300000|100%|HS|  |TAMS 0x0000000082300000, 0x0000000082200000| Complete 
|  35|0x0000000082300000, 0x0000000082400000, 0x0000000082400000|100%|HS|  |TAMS 0x0000000082400000, 0x0000000082300000| Complete 
|  36|0x0000000082400000, 0x0000000082500000, 0x0000000082500000|100%|HC|  |TAMS 0x0000000082500000, 0x0000000082400000| Complete 
|  37|0x0000000082500000, 0x0000000082600000, 0x0000000082600000|100%|HC|  |TAMS 0x0000000082600000, 0x0000000082500000| Complete 
|  38|0x0000000082600000, 0x0000000082600000, 0x0000000082700000|  0%| F|  |TAMS 0x0000000082600000, 0x0000000082600000| Untracked 
|  39|0x0000000082700000, 0x0000000082800000, 0x0000000082800000|100%| O|  |TAMS 0x0000000082800000, 0x0000000082700000| Untracked 
|  40|0x0000000082800000, 0x0000000082900000, 0x0000000082900000|100%| O|  |TAMS 0x0000000082900000, 0x0000000082800000| Untracked 
|  41|0x0000000082900000, 0x0000000082a00000, 0x0000000082a00000|100%| O|  |TAMS 0x0000000082a00000, 0x0000000082900000| Untracked 
|  42|0x0000000082a00000, 0x0000000082a00000, 0x0000000082b00000|  0%| F|  |TAMS 0x0000000082a00000, 0x0000000082a00000| Untracked 
|  43|0x0000000082b00000, 0x0000000082c00000, 0x0000000082c00000|100%| O|  |TAMS 0x0000000082c00000, 0x0000000082b00000| Untracked 
|  44|0x0000000082c00000, 0x0000000082d00000, 0x0000000082d00000|100%| O|  |TAMS 0x0000000082d00000, 0x0000000082c00000| Untracked 
|  45|0x0000000082d00000, 0x0000000082e00000, 0x0000000082e00000|100%| O|  |TAMS 0x0000000082e00000, 0x0000000082d00000| Untracked 
|  46|0x0000000082e00000, 0x0000000082f00000, 0x0000000082f00000|100%| O|  |TAMS 0x0000000082eb7600, 0x0000000082e00000| Untracked 
|  47|0x0000000082f00000, 0x0000000082f00000, 0x0000000083000000|  0%| F|  |TAMS 0x0000000082f00000, 0x0000000082f00000| Untracked 
|  48|0x0000000083000000, 0x0000000083000000, 0x0000000083100000|  0%| F|  |TAMS 0x0000000083000000, 0x0000000083000000| Untracked 
|  49|0x0000000083100000, 0x0000000083200000, 0x0000000083200000|100%| O|  |TAMS 0x0000000083200000, 0x0000000083100000| Untracked 
|  50|0x0000000083200000, 0x0000000083300000, 0x0000000083300000|100%| O|  |TAMS 0x0000000083300000, 0x0000000083200000| Untracked 
|  51|0x0000000083300000, 0x0000000083400000, 0x0000000083400000|100%| O|  |TAMS 0x0000000083400000, 0x0000000083300000| Untracked 
|  52|0x0000000083400000, 0x0000000083400000, 0x0000000083500000|  0%| F|  |TAMS 0x0000000083400000, 0x0000000083400000| Untracked 
|  53|0x0000000083500000, 0x0000000083600000, 0x0000000083600000|100%| O|  |TAMS 0x0000000083600000, 0x0000000083500000| Untracked 
|  54|0x0000000083600000, 0x0000000083700000, 0x0000000083700000|100%| O|  |TAMS 0x0000000083700000, 0x0000000083600000| Untracked 
|  55|0x0000000083700000, 0x0000000083800000, 0x0000000083800000|100%| O|  |TAMS 0x0000000083800000, 0x0000000083700000| Untracked 
|  56|0x0000000083800000, 0x0000000083900000, 0x0000000083900000|100%| O|  |TAMS 0x0000000083900000, 0x0000000083800000| Untracked 
|  57|0x0000000083900000, 0x0000000083a00000, 0x0000000083a00000|100%| O|  |TAMS 0x0000000083a00000, 0x0000000083900000| Untracked 
|  58|0x0000000083a00000, 0x0000000083a00000, 0x0000000083b00000|  0%| F|  |TAMS 0x0000000083a00000, 0x0000000083a00000| Untracked 
|  59|0x0000000083b00000, 0x0000000083c00000, 0x0000000083c00000|100%| O|  |TAMS 0x0000000083c00000, 0x0000000083b00000| Untracked 
|  60|0x0000000083c00000, 0x0000000083d00000, 0x0000000083d00000|100%| O|  |TAMS 0x0000000083d00000, 0x0000000083c00000| Untracked 
|  61|0x0000000083d00000, 0x0000000083e00000, 0x0000000083e00000|100%|HS|  |TAMS 0x0000000083e00000, 0x0000000083d00000| Complete 
|  62|0x0000000083e00000, 0x0000000083f00000, 0x0000000083f00000|100%|HS|  |TAMS 0x0000000083f00000, 0x0000000083e00000| Complete 
|  63|0x0000000083f00000, 0x0000000084000000, 0x0000000084000000|100%| O|  |TAMS 0x0000000084000000, 0x0000000083f00000| Untracked 
|  64|0x0000000084000000, 0x0000000084100000, 0x0000000084100000|100%| O|  |TAMS 0x0000000084100000, 0x0000000084000000| Untracked 
|  65|0x0000000084100000, 0x0000000084200000, 0x0000000084200000|100%| O|  |TAMS 0x0000000084200000, 0x0000000084100000| Untracked 
|  66|0x0000000084200000, 0x0000000084300000, 0x0000000084300000|100%|HS|  |TAMS 0x0000000084300000, 0x0000000084200000| Complete 
|  67|0x0000000084300000, 0x0000000084400000, 0x0000000084400000|100%|HC|  |TAMS 0x0000000084400000, 0x0000000084300000| Complete 
|  68|0x0000000084400000, 0x0000000084500000, 0x0000000084500000|100%| O|  |TAMS 0x0000000084500000, 0x0000000084400000| Untracked 
|  69|0x0000000084500000, 0x0000000084600000, 0x0000000084600000|100%| O|  |TAMS 0x0000000084600000, 0x0000000084500000| Untracked 
|  70|0x0000000084600000, 0x0000000084700000, 0x0000000084700000|100%| O|  |TAMS 0x0000000084700000, 0x0000000084600000| Untracked 
|  71|0x0000000084700000, 0x0000000084800000, 0x0000000084800000|100%| O|  |TAMS 0x0000000084800000, 0x0000000084700000| Untracked 
|  72|0x0000000084800000, 0x0000000084900000, 0x0000000084900000|100%| O|  |TAMS 0x0000000084900000, 0x0000000084800000| Untracked 
|  73|0x0000000084900000, 0x0000000084a00000, 0x0000000084a00000|100%| O|  |TAMS 0x0000000084a00000, 0x0000000084900000| Untracked 
|  74|0x0000000084a00000, 0x0000000084b00000, 0x0000000084b00000|100%| O|  |TAMS 0x0000000084b00000, 0x0000000084a00000| Untracked 
|  75|0x0000000084b00000, 0x0000000084c00000, 0x0000000084c00000|100%| O|  |TAMS 0x0000000084c00000, 0x0000000084b00000| Untracked 
|  76|0x0000000084c00000, 0x0000000084d00000, 0x0000000084d00000|100%| O|  |TAMS 0x0000000084d00000, 0x0000000084c00000| Untracked 
|  77|0x0000000084d00000, 0x0000000084e00000, 0x0000000084e00000|100%| O|  |TAMS 0x0000000084e00000, 0x0000000084d00000| Untracked 
|  78|0x0000000084e00000, 0x0000000084f00000, 0x0000000084f00000|100%| O|  |TAMS 0x0000000084f00000, 0x0000000084e00000| Untracked 
|  79|0x0000000084f00000, 0x0000000084f00000, 0x0000000085000000|  0%| F|  |TAMS 0x0000000084f00000, 0x0000000084f00000| Untracked 
|  80|0x0000000085000000, 0x0000000085000000, 0x0000000085100000|  0%| F|  |TAMS 0x0000000085000000, 0x0000000085000000| Untracked 
|  81|0x0000000085100000, 0x0000000085100000, 0x0000000085200000|  0%| F|  |TAMS 0x0000000085100000, 0x0000000085100000| Untracked 
|  82|0x0000000085200000, 0x0000000085200000, 0x0000000085300000|  0%| F|  |TAMS 0x0000000085200000, 0x0000000085200000| Untracked 
|  83|0x0000000085300000, 0x0000000085300000, 0x0000000085400000|  0%| F|  |TAMS 0x0000000085300000, 0x0000000085300000| Untracked 
|  84|0x0000000085400000, 0x0000000085400000, 0x0000000085500000|  0%| F|  |TAMS 0x0000000085400000, 0x0000000085400000| Untracked 
|  85|0x0000000085500000, 0x0000000085500000, 0x0000000085600000|  0%| F|  |TAMS 0x0000000085500000, 0x0000000085500000| Untracked 
|  86|0x0000000085600000, 0x0000000085600000, 0x0000000085700000|  0%| F|  |TAMS 0x0000000085600000, 0x0000000085600000| Untracked 
|  87|0x0000000085700000, 0x0000000085700000, 0x0000000085800000|  0%| F|  |TAMS 0x0000000085700000, 0x0000000085700000| Untracked 
|  88|0x0000000085800000, 0x0000000085800000, 0x0000000085900000|  0%| F|  |TAMS 0x0000000085800000, 0x0000000085800000| Untracked 
|  89|0x0000000085900000, 0x0000000085900000, 0x0000000085a00000|  0%| F|  |TAMS 0x0000000085900000, 0x0000000085900000| Untracked 
|  90|0x0000000085a00000, 0x0000000085a00000, 0x0000000085b00000|  0%| F|  |TAMS 0x0000000085a00000, 0x0000000085a00000| Untracked 
|  91|0x0000000085b00000, 0x0000000085b00000, 0x0000000085c00000|  0%| F|  |TAMS 0x0000000085b00000, 0x0000000085b00000| Untracked 
|  92|0x0000000085c00000, 0x0000000085c00000, 0x0000000085d00000|  0%| F|  |TAMS 0x0000000085c00000, 0x0000000085c00000| Untracked 
|  93|0x0000000085d00000, 0x0000000085d00000, 0x0000000085e00000|  0%| F|  |TAMS 0x0000000085d00000, 0x0000000085d00000| Untracked 
|  94|0x0000000085e00000, 0x0000000085f00000, 0x0000000085f00000|100%| S|CS|TAMS 0x0000000085e00000, 0x0000000085e00000| Complete 
|  95|0x0000000085f00000, 0x0000000086000000, 0x0000000086000000|100%| S|CS|TAMS 0x0000000085f00000, 0x0000000085f00000| Complete 
|  96|0x0000000086000000, 0x0000000086100000, 0x0000000086100000|100%| S|CS|TAMS 0x0000000086000000, 0x0000000086000000| Complete 
|  97|0x0000000086100000, 0x0000000086200000, 0x0000000086200000|100%| S|CS|TAMS 0x0000000086100000, 0x0000000086100000| Complete 
|  98|0x0000000086200000, 0x0000000086300000, 0x0000000086300000|100%| S|CS|TAMS 0x0000000086200000, 0x0000000086200000| Complete 
|  99|0x0000000086300000, 0x0000000086300000, 0x0000000086400000|  0%| F|  |TAMS 0x0000000086300000, 0x0000000086300000| Untracked 
| 100|0x0000000086400000, 0x0000000086400000, 0x0000000086500000|  0%| F|  |TAMS 0x0000000086400000, 0x0000000086400000| Untracked 
| 101|0x0000000086500000, 0x0000000086500000, 0x0000000086600000|  0%| F|  |TAMS 0x0000000086500000, 0x0000000086500000| Untracked 
| 102|0x0000000086600000, 0x0000000086600000, 0x0000000086700000|  0%| F|  |TAMS 0x0000000086600000, 0x0000000086600000| Untracked 
| 103|0x0000000086700000, 0x0000000086700000, 0x0000000086800000|  0%| F|  |TAMS 0x0000000086700000, 0x0000000086700000| Untracked 
| 104|0x0000000086800000, 0x0000000086800000, 0x0000000086900000|  0%| F|  |TAMS 0x0000000086800000, 0x0000000086800000| Untracked 
| 105|0x0000000086900000, 0x0000000086900000, 0x0000000086a00000|  0%| F|  |TAMS 0x0000000086900000, 0x0000000086900000| Untracked 
| 106|0x0000000086a00000, 0x0000000086a00000, 0x0000000086b00000|  0%| F|  |TAMS 0x0000000086a00000, 0x0000000086a00000| Untracked 
| 107|0x0000000086b00000, 0x0000000086b00000, 0x0000000086c00000|  0%| F|  |TAMS 0x0000000086b00000, 0x0000000086b00000| Untracked 
| 108|0x0000000086c00000, 0x0000000086c00000, 0x0000000086d00000|  0%| F|  |TAMS 0x0000000086c00000, 0x0000000086c00000| Untracked 
| 109|0x0000000086d00000, 0x0000000086d00000, 0x0000000086e00000|  0%| F|  |TAMS 0x0000000086d00000, 0x0000000086d00000| Untracked 
| 110|0x0000000086e00000, 0x0000000086e00000, 0x0000000086f00000|  0%| F|  |TAMS 0x0000000086e00000, 0x0000000086e00000| Untracked 
| 111|0x0000000086f00000, 0x0000000086f00000, 0x0000000087000000|  0%| F|  |TAMS 0x0000000086f00000, 0x0000000086f00000| Untracked 
| 112|0x0000000087000000, 0x0000000087000000, 0x0000000087100000|  0%| F|  |TAMS 0x0000000087000000, 0x0000000087000000| Untracked 
| 113|0x0000000087100000, 0x0000000087100000, 0x0000000087200000|  0%| F|  |TAMS 0x0000000087100000, 0x0000000087100000| Untracked 
| 114|0x0000000087200000, 0x0000000087200000, 0x0000000087300000|  0%| F|  |TAMS 0x0000000087200000, 0x0000000087200000| Untracked 
| 115|0x0000000087300000, 0x0000000087300000, 0x0000000087400000|  0%| F|  |TAMS 0x0000000087300000, 0x0000000087300000| Untracked 
| 116|0x0000000087400000, 0x0000000087400000, 0x0000000087500000|  0%| F|  |TAMS 0x0000000087400000, 0x0000000087400000| Untracked 
| 117|0x0000000087500000, 0x0000000087500000, 0x0000000087600000|  0%| F|  |TAMS 0x0000000087500000, 0x0000000087500000| Untracked 
| 118|0x0000000087600000, 0x0000000087680800, 0x0000000087700000| 50%| E|  |TAMS 0x0000000087600000, 0x0000000087600000| Complete 
| 119|0x0000000087700000, 0x0000000087800000, 0x0000000087800000|100%| E|CS|TAMS 0x0000000087700000, 0x0000000087700000| Complete 
| 120|0x0000000087800000, 0x0000000087900000, 0x0000000087900000|100%| E|CS|TAMS 0x0000000087800000, 0x0000000087800000| Complete 
| 121|0x0000000087900000, 0x0000000087a00000, 0x0000000087a00000|100%| E|CS|TAMS 0x0000000087900000, 0x0000000087900000| Complete 
| 122|0x0000000087a00000, 0x0000000087b00000, 0x0000000087b00000|100%| E|CS|TAMS 0x0000000087a00000, 0x0000000087a00000| Complete 
| 123|0x0000000087b00000, 0x0000000087c00000, 0x0000000087c00000|100%| E|CS|TAMS 0x0000000087b00000, 0x0000000087b00000| Complete 
| 124|0x0000000087c00000, 0x0000000087d00000, 0x0000000087d00000|100%| E|CS|TAMS 0x0000000087c00000, 0x0000000087c00000| Complete 
| 125|0x0000000087d00000, 0x0000000087e00000, 0x0000000087e00000|100%| E|CS|TAMS 0x0000000087d00000, 0x0000000087d00000| Complete 
| 126|0x0000000087e00000, 0x0000000087f00000, 0x0000000087f00000|100%| E|CS|TAMS 0x0000000087e00000, 0x0000000087e00000| Complete 
| 127|0x0000000087f00000, 0x0000000088000000, 0x0000000088000000|100%| E|CS|TAMS 0x0000000087f00000, 0x0000000087f00000| Complete 
| 128|0x0000000088000000, 0x0000000088100000, 0x0000000088100000|100%| E|CS|TAMS 0x0000000088000000, 0x0000000088000000| Complete 
| 129|0x0000000088100000, 0x0000000088200000, 0x0000000088200000|100%| E|CS|TAMS 0x0000000088100000, 0x0000000088100000| Complete 
| 130|0x0000000088200000, 0x0000000088300000, 0x0000000088300000|100%| E|CS|TAMS 0x0000000088200000, 0x0000000088200000| Complete 
| 131|0x0000000088300000, 0x0000000088400000, 0x0000000088400000|100%| E|CS|TAMS 0x0000000088300000, 0x0000000088300000| Complete 
| 132|0x0000000088400000, 0x0000000088500000, 0x0000000088500000|100%| E|CS|TAMS 0x0000000088400000, 0x0000000088400000| Complete 
| 133|0x0000000088500000, 0x0000000088600000, 0x0000000088600000|100%| E|CS|TAMS 0x0000000088500000, 0x0000000088500000| Complete 
| 134|0x0000000088600000, 0x0000000088700000, 0x0000000088700000|100%| E|CS|TAMS 0x0000000088600000, 0x0000000088600000| Complete 
| 135|0x0000000088700000, 0x0000000088800000, 0x0000000088800000|100%| E|CS|TAMS 0x0000000088700000, 0x0000000088700000| Complete 
| 136|0x0000000088800000, 0x0000000088900000, 0x0000000088900000|100%| E|CS|TAMS 0x0000000088800000, 0x0000000088800000| Complete 
| 137|0x0000000088900000, 0x0000000088a00000, 0x0000000088a00000|100%| E|CS|TAMS 0x0000000088900000, 0x0000000088900000| Complete 
| 138|0x0000000088a00000, 0x0000000088b00000, 0x0000000088b00000|100%| E|CS|TAMS 0x0000000088a00000, 0x0000000088a00000| Complete 
| 139|0x0000000088b00000, 0x0000000088c00000, 0x0000000088c00000|100%| E|CS|TAMS 0x0000000088b00000, 0x0000000088b00000| Complete 
| 140|0x0000000088c00000, 0x0000000088d00000, 0x0000000088d00000|100%| E|CS|TAMS 0x0000000088c00000, 0x0000000088c00000| Complete 
| 141|0x0000000088d00000, 0x0000000088e00000, 0x0000000088e00000|100%| E|CS|TAMS 0x0000000088d00000, 0x0000000088d00000| Complete 
| 142|0x0000000088e00000, 0x0000000088f00000, 0x0000000088f00000|100%| E|CS|TAMS 0x0000000088e00000, 0x0000000088e00000| Complete 
| 191|0x000000008bf00000, 0x000000008c000000, 0x000000008c000000|100%| E|CS|TAMS 0x000000008bf00000, 0x000000008bf00000| Complete 

Card table byte_map: [0x000001706bc30000,0x000001706c030000] _byte_map_base: 0x000001706b830000

Marking Bits (Prev, Next): (CMBitMap*) 0x0000017053beae10, (CMBitMap*) 0x0000017053beadd0
 Prev Bits: [0x000001706e430000, 0x0000017070430000)
 Next Bits: [0x000001706c430000, 0x000001706e430000)

Polling page: 0x0000017053bf0000

Metaspace:

Usage:
  Non-class:     64.65 MB capacity,    63.88 MB ( 99%) used,   669.44 KB (  1%) free+waste,   119.62 KB ( <1%) overhead. 
      Class:     10.18 MB capacity,     9.76 MB ( 96%) used,   380.05 KB (  4%) free+waste,    49.12 KB ( <1%) overhead. 
       Both:     74.83 MB capacity,    73.64 MB ( 98%) used,     1.02 MB (  1%) free+waste,   168.75 KB ( <1%) overhead. 

Virtual space:
  Non-class space:       66.00 MB reserved,      64.67 MB ( 98%) committed 
      Class space:      504.00 MB reserved,      10.25 MB (  2%) committed 
             Both:      570.00 MB reserved,      74.92 MB ( 13%) committed 

Chunk freelists:
   Non-Class:  23.00 KB
       Class:  1.00 KB
        Both:  24.00 KB

MaxMetaspaceSize: 512.00 MB
CompressedClassSpaceSize: 504.00 MB

CodeHeap 'non-profiled nmethods': size=120000Kb used=5022Kb max_used=5022Kb free=114977Kb
 bounds [0x00000170638a0000, 0x0000017063d90000, 0x000001706add0000]
CodeHeap 'profiled nmethods': size=120000Kb used=17443Kb max_used=17443Kb free=102556Kb
 bounds [0x000001705c370000, 0x000001705d480000, 0x00000170638a0000]
CodeHeap 'non-nmethods': size=5760Kb used=2407Kb max_used=2467Kb free=3353Kb
 bounds [0x000001705bdd0000, 0x000001705c050000, 0x000001705c370000]
 total_blobs=9500 nmethods=8597 adapters=815
 compilation: enabled
              stopped_count=0, restarted_count=0
 full_count=0

Compilation events (20 events):
Event: 31.493 Thread 0x000001707068efa0 9416       3       groovy.lang.GroovyObjectSupport::<init> (13 bytes)
Event: 31.494 Thread 0x000001707068efa0 nmethod 9416 0x000001705d44a990 code [0x000001705d44ab80, 0x000001705d44b0f8]
Event: 31.494 Thread 0x000001707068efa0 9417       3       groovy.lang.GroovyObjectSupport::getDefaultMetaClass (8 bytes)
Event: 31.494 Thread 0x000001707068efa0 nmethod 9417 0x000001705d44b310 code [0x000001705d44b4e0, 0x000001705d44b918]
Event: 31.598 Thread 0x000001707068efa0 9418       3       org.codehaus.groovy.reflection.ParameterTypes::isValidMethod (77 bytes)
Event: 31.599 Thread 0x000001707068efa0 nmethod 9418 0x000001705d44ba90 code [0x000001705d44bc80, 0x000001705d44c188]
Event: 31.599 Thread 0x000001707068efa0 9421       2       sun.nio.cs.SingleByte$Encoder::encodeArrayLoop (233 bytes)
Event: 31.600 Thread 0x000001707068efa0 nmethod 9421 0x000001705d44c310 code [0x000001705d44c6e0, 0x000001705d44d6b8]
Event: 31.601 Thread 0x000001707068efa0 9420       2       org.gradle.internal.logging.text.AbstractLineChoppingStyledTextOutput$1::execute (9 bytes)
Event: 31.601 Thread 0x000001707068efa0 nmethod 9420 0x000001705d44e110 code [0x000001705d44e2c0, 0x000001705d44e408]
Event: 31.601 Thread 0x000001707068efa0 9419       2       org.gradle.internal.logging.text.AbstractLineChoppingStyledTextOutput$1::execute (140 bytes)
Event: 31.601 Thread 0x000001707068efa0 nmethod 9419 0x000001705d44e510 code [0x000001705d44e740, 0x000001705d44ebd8]
Event: 31.601 Thread 0x000001707068efa0 9422       3       org.codehaus.groovy.runtime.MetaClassHelper::sameClasses (54 bytes)
Event: 31.602 Thread 0x000001707068efa0 nmethod 9422 0x000001705d44f010 code [0x000001705d44f200, 0x000001705d44f928]
Event: 31.605 Thread 0x000001707068efa0 9423       3       java.net.URLClassLoader$2::<init> (15 bytes)
Event: 31.605 Thread 0x000001707068efa0 nmethod 9423 0x000001705d44fb10 code [0x000001705d44fcc0, 0x000001705d44fed8]
Event: 31.605 Thread 0x000001707068efa0 9424       3       java.net.URLClassLoader$2::run (5 bytes)
Event: 31.606 Thread 0x000001707068efa0 nmethod 9424 0x000001705d44ff90 code [0x000001705d450140, 0x000001705d450328]
Event: 31.610 Thread 0x000001707068efa0 9425       3       java.lang.String$CaseInsensitiveComparator::compare (68 bytes)
Event: 31.610 Thread 0x000001707068efa0 nmethod 9425 0x000001705d450410 code [0x000001705d450600, 0x000001705d450a58]

GC Heap History (20 events):
Event: 27.450 GC heap before
{Heap before GC invocations=26 (full 0):
 garbage-first heap   total 96256K, used 72960K [0x0000000080000000, 0x0000000100000000)
  region size 1024K, 21 young (21504K), 2 survivors (2048K)
 Metaspace       used 59344K, capacity 60378K, committed 60720K, reserved 569344K
  class space    used 8064K, capacity 8456K, committed 8576K, reserved 516096K
}
Event: 27.457 GC heap after
{Heap after GC invocations=27 (full 0):
 garbage-first heap   total 96256K, used 57064K [0x0000000080000000, 0x0000000100000000)
  region size 1024K, 3 young (3072K), 3 survivors (3072K)
 Metaspace       used 59344K, capacity 60378K, committed 60720K, reserved 569344K
  class space    used 8064K, capacity 8456K, committed 8576K, reserved 516096K
}
Event: 27.967 GC heap before
{Heap before GC invocations=27 (full 0):
 garbage-first heap   total 96256K, used 76520K [0x0000000080000000, 0x0000000100000000)
  region size 1024K, 23 young (23552K), 3 survivors (3072K)
 Metaspace       used 61481K, capacity 62410K, committed 62640K, reserved 571392K
  class space    used 8288K, capacity 8660K, committed 8704K, reserved 516096K
}
Event: 27.972 GC heap after
{Heap after GC invocations=28 (full 0):
 garbage-first heap   total 96256K, used 59657K [0x0000000080000000, 0x0000000100000000)
  region size 1024K, 3 young (3072K), 3 survivors (3072K)
 Metaspace       used 61481K, capacity 62410K, committed 62640K, reserved 571392K
  class space    used 8288K, capacity 8660K, committed 8704K, reserved 516096K
}
Event: 28.595 GC heap before
{Heap before GC invocations=29 (full 0):
 garbage-first heap   total 104448K, used 77065K [0x0000000080000000, 0x0000000100000000)
  region size 1024K, 21 young (21504K), 3 survivors (3072K)
 Metaspace       used 62172K, capacity 63213K, committed 63536K, reserved 571392K
  class space    used 8392K, capacity 8757K, committed 8832K, reserved 516096K
}
Event: 28.600 GC heap after
{Heap after GC invocations=30 (full 0):
 garbage-first heap   total 104448K, used 62533K [0x0000000080000000, 0x0000000100000000)
  region size 1024K, 3 young (3072K), 3 survivors (3072K)
 Metaspace       used 62172K, capacity 63213K, committed 63536K, reserved 571392K
  class space    used 8392K, capacity 8757K, committed 8832K, reserved 516096K
}
Event: 28.705 GC heap before
{Heap before GC invocations=30 (full 0):
 garbage-first heap   total 104448K, used 64581K [0x0000000080000000, 0x0000000100000000)
  region size 1024K, 7 young (7168K), 3 survivors (3072K)
 Metaspace       used 62199K, capacity 63229K, committed 63536K, reserved 571392K
  class space    used 8395K, capacity 8760K, committed 8832K, reserved 516096K
}
Event: 28.710 GC heap after
{Heap after GC invocations=31 (full 0):
 garbage-first heap   total 125952K, used 63057K [0x0000000080000000, 0x0000000100000000)
  region size 1024K, 1 young (1024K), 1 survivors (1024K)
 Metaspace       used 62199K, capacity 63229K, committed 63536K, reserved 571392K
  class space    used 8395K, capacity 8760K, committed 8832K, reserved 516096K
}
Event: 29.314 GC heap before
{Heap before GC invocations=32 (full 0):
 garbage-first heap   total 125952K, used 96849K [0x0000000080000000, 0x0000000100000000)
  region size 1024K, 32 young (32768K), 1 survivors (1024K)
 Metaspace       used 65274K, capacity 66283K, committed 66480K, reserved 573440K
  class space    used 8777K, capacity 9157K, committed 9216K, reserved 516096K
}
Event: 29.318 GC heap after
{Heap after GC invocations=33 (full 0):
 garbage-first heap   total 125952K, used 70656K [0x0000000080000000, 0x0000000100000000)
  region size 1024K, 4 young (4096K), 4 survivors (4096K)
 Metaspace       used 65274K, capacity 66283K, committed 66480K, reserved 573440K
  class space    used 8777K, capacity 9157K, committed 9216K, reserved 516096K
}
Event: 29.366 GC heap before
{Heap before GC invocations=33 (full 0):
 garbage-first heap   total 125952K, used 73728K [0x0000000080000000, 0x0000000100000000)
  region size 1024K, 6 young (6144K), 4 survivors (4096K)
 Metaspace       used 65457K, capacity 66507K, committed 66736K, reserved 575488K
  class space    used 8797K, capacity 9189K, committed 9216K, reserved 516096K
}
Event: 29.379 GC heap after
{Heap after GC invocations=34 (full 0):
 garbage-first heap   total 125952K, used 67868K [0x0000000080000000, 0x0000000100000000)
  region size 1024K, 1 young (1024K), 1 survivors (1024K)
 Metaspace       used 65457K, capacity 66507K, committed 66736K, reserved 575488K
  class space    used 8797K, capacity 9189K, committed 9216K, reserved 516096K
}
Event: 29.928 GC heap before
{Heap before GC invocations=34 (full 0):
 garbage-first heap   total 125952K, used 93468K [0x0000000080000000, 0x0000000100000000)
  region size 1024K, 28 young (28672K), 1 survivors (1024K)
 Metaspace       used 70278K, capacity 71255K, committed 71344K, reserved 579584K
  class space    used 9323K, capacity 9703K, committed 9728K, reserved 516096K
}
Event: 29.932 GC heap after
{Heap after GC invocations=35 (full 0):
 garbage-first heap   total 125952K, used 69842K [0x0000000080000000, 0x0000000100000000)
  region size 1024K, 3 young (3072K), 3 survivors (3072K)
 Metaspace       used 70278K, capacity 71255K, committed 71344K, reserved 579584K
  class space    used 9323K, capacity 9703K, committed 9728K, reserved 516096K
}
Event: 30.283 GC heap before
{Heap before GC invocations=36 (full 0):
 garbage-first heap   total 147456K, used 103634K [0x0000000080000000, 0x0000000100000000)
  region size 1024K, 30 young (30720K), 3 survivors (3072K)
 Metaspace       used 71665K, capacity 72789K, committed 72880K, reserved 579584K
  class space    used 9508K, capacity 9932K, committed 9984K, reserved 516096K
}
Event: 30.288 GC heap after
{Heap after GC invocations=37 (full 0):
 garbage-first heap   total 147456K, used 72480K [0x0000000080000000, 0x0000000100000000)
  region size 1024K, 4 young (4096K), 4 survivors (4096K)
 Metaspace       used 71665K, capacity 72789K, committed 72880K, reserved 579584K
  class space    used 9508K, capacity 9932K, committed 9984K, reserved 516096K
}
Event: 30.604 GC heap before
{Heap before GC invocations=37 (full 0):
 garbage-first heap   total 147456K, used 93984K [0x0000000080000000, 0x0000000100000000)
  region size 1024K, 26 young (26624K), 4 survivors (4096K)
 Metaspace       used 73590K, capacity 74663K, committed 74928K, reserved 581632K
  class space    used 9711K, capacity 10128K, committed 10240K, reserved 516096K
}
Event: 30.608 GC heap after
{Heap after GC invocations=38 (full 0):
 garbage-first heap   total 147456K, used 74073K [0x0000000080000000, 0x0000000100000000)
  region size 1024K, 5 young (5120K), 5 survivors (5120K)
 Metaspace       used 73590K, capacity 74663K, committed 74928K, reserved 581632K
  class space    used 9711K, capacity 10128K, committed 10240K, reserved 516096K
}
Event: 31.336 GC heap before
{Heap before GC invocations=39 (full 0):
 garbage-first heap   total 147456K, used 116057K [0x0000000080000000, 0x0000000100000000)
  region size 1024K, 45 young (46080K), 5 survivors (5120K)
 Metaspace       used 74877K, capacity 75993K, committed 76080K, reserved 583680K
  class space    used 9916K, capacity 10313K, committed 10368K, reserved 516096K
}
Event: 31.342 GC heap after
{Heap after GC invocations=40 (full 0):
 garbage-first heap   total 147456K, used 77406K [0x0000000080000000, 0x0000000100000000)
  region size 1024K, 5 young (5120K), 5 survivors (5120K)
 Metaspace       used 74877K, capacity 75993K, committed 76080K, reserved 583680K
  class space    used 9916K, capacity 10313K, committed 10368K, reserved 516096K
}

Deoptimization events (20 events):
Event: 31.242 Thread 0x0000017074e8fca0 DEOPT PACKING pc=0x00000170639577fc sp=0x00000027341f86e0
Event: 31.242 Thread 0x0000017074e8fca0 DEOPT UNPACKING pc=0x000001705be1e12f sp=0x00000027341f8618 mode 2
Event: 31.243 Thread 0x0000017074e8fca0 Uncommon trap: trap_request=0xffffffde fr.pc=0x00000170639577fc relative=0x00000000000060bc
Event: 31.243 Thread 0x0000017074e8fca0 Uncommon trap: reason=class_check action=maybe_recompile pc=0x00000170639577fc method=java.lang.Class.createAnnotationData(I)Ljava/lang/Class$AnnotationData; @ 103 c2
Event: 31.243 Thread 0x0000017074e8fca0 DEOPT PACKING pc=0x00000170639577fc sp=0x00000027341f8860
Event: 31.243 Thread 0x0000017074e8fca0 DEOPT UNPACKING pc=0x000001705be1e12f sp=0x00000027341f8798 mode 2
Event: 31.335 Thread 0x0000017074e8fca0 Uncommon trap: trap_request=0xfffffff4 fr.pc=0x0000017063b9a0cc relative=0x000000000000082c
Event: 31.335 Thread 0x0000017074e8fca0 Uncommon trap: reason=null_check action=make_not_entrant pc=0x0000017063b9a0cc method=com.sun.beans.introspect.MethodInfo$MethodOrder.compare(Ljava/lang/reflect/Method;Ljava/lang/reflect/Method;)I @ 133 c2
Event: 31.335 Thread 0x0000017074e8fca0 DEOPT PACKING pc=0x0000017063b9a0cc sp=0x00000027341f4f50
Event: 31.335 Thread 0x0000017074e8fca0 DEOPT UNPACKING pc=0x000001705be1e12f sp=0x00000027341f4e80 mode 2
Event: 31.392 Thread 0x0000017074e8fca0 Uncommon trap: trap_request=0xfffffff4 fr.pc=0x0000017063d72a14 relative=0x0000000000000874
Event: 31.392 Thread 0x0000017074e8fca0 Uncommon trap: reason=null_check action=make_not_entrant pc=0x0000017063d72a14 method=com.sun.beans.introspect.MethodInfo$MethodOrder.compare(Ljava/lang/reflect/Method;Ljava/lang/reflect/Method;)I @ 145 c2
Event: 31.392 Thread 0x0000017074e8fca0 DEOPT PACKING pc=0x0000017063d72a14 sp=0x00000027341f3ed0
Event: 31.392 Thread 0x0000017074e8fca0 DEOPT UNPACKING pc=0x000001705be1e12f sp=0x00000027341f3e00 mode 2
Event: 31.461 Thread 0x0000017074e8fca0 DEOPT PACKING pc=0x000001705ce159c4 sp=0x00000027341f6b10
Event: 31.461 Thread 0x0000017074e8fca0 DEOPT UNPACKING pc=0x000001705be1df3f sp=0x00000027341f60b0 mode 0
Event: 31.463 Thread 0x0000017074e8fca0 Uncommon trap: trap_request=0xffffffde fr.pc=0x0000017063a7416c relative=0x000000000000022c
Event: 31.463 Thread 0x0000017074e8fca0 Uncommon trap: reason=class_check action=maybe_recompile pc=0x0000017063a7416c method=com.google.common.collect.ComparatorOrdering.compare(Ljava/lang/Object;Ljava/lang/Object;)I @ 6 c2
Event: 31.463 Thread 0x0000017074e8fca0 DEOPT PACKING pc=0x0000017063a7416c sp=0x00000027341f6930
Event: 31.464 Thread 0x0000017074e8fca0 DEOPT UNPACKING pc=0x000001705be1e12f sp=0x00000027341f68a8 mode 2

Classes unloaded (0 events):
No events

Classes redefined (0 events):
No events

Internal exceptions (20 events):
Event: 31.440 Thread 0x0000017074e8fca0 Exception <a 'java/lang/ClassNotFoundException'{0x00000000883de178}: com/android/build/gradle/internal/dsl/BuildTypeCustomizer> (0x00000000883de178) 
thrown [./open/src/hotspot/share/classfile/systemDictionary.cpp, line 295]
Event: 31.443 Thread 0x0000017074e8fca0 Exception <a 'java/lang/ClassNotFoundException'{0x0000000088264770}: com/android/build/gradle/internal/dsl/BuildType$AgpDecoratedCustomizer> (0x0000000088264770) 
thrown [./open/src/hotspot/share/classfile/systemDictionary.cpp, line 295]
Event: 31.446 Thread 0x0000017074e8fca0 Exception <a 'java/lang/ClassNotFoundException'{0x00000000882b3878}: com/android/build/gradle/internal/dsl/BuildType$AgpDecorated_DecoratedCustomizer> (0x00000000882b3878) 
thrown [./open/src/hotspot/share/classfile/systemDictionary.cpp, line 295]
Event: 31.454 Thread 0x0000017074e8fca0 Exception <a 'java/lang/ClassNotFoundException'{0x0000000088193708}: build_4ru6l87qe32vyh7hi3055zbwx$_run_closure2$_closure7BeanInfo> (0x0000000088193708) 
thrown [./open/src/hotspot/share/classfile/systemDictionary.cpp, line 295]
Event: 31.455 Thread 0x0000017074e8fca0 Exception <a 'java/lang/ClassNotFoundException'{0x000000008819dc10}: build_4ru6l87qe32vyh7hi3055zbwx$_run_closure2$_closure7Customizer> (0x000000008819dc10) 
thrown [./open/src/hotspot/share/classfile/systemDictionary.cpp, line 295]
Event: 31.472 Thread 0x0000017074e8fca0 Exception <a 'java/lang/ClassNotFoundException'{0x00000000880ee418}: org/gradle/api/internal/artifacts/dependencies/DefaultExternalModuleDependency_DecoratedBeanInfo> (0x00000000880ee418) 
thrown [./open/src/hotspot/share/classfile/systemDictionary.cpp, line 295]
Event: 31.474 Thread 0x0000017074e8fca0 Exception <a 'java/lang/ClassNotFoundException'{0x0000000087f0a810}: org/gradle/api/internal/artifacts/dependencies/DefaultExternalModuleDependencyBeanInfo> (0x0000000087f0a810) 
thrown [./open/src/hotspot/share/classfile/systemDictionary.cpp, line 295]
Event: 31.476 Thread 0x0000017074e8fca0 Exception <a 'java/lang/ClassNotFoundException'{0x0000000087f269d0}: org/gradle/api/internal/artifacts/dependencies/AbstractExternalModuleDependencyBeanInfo> (0x0000000087f269d0) 
thrown [./open/src/hotspot/share/classfile/systemDictionary.cpp, line 295]
Event: 31.476 Thread 0x0000017074e8fca0 Exception <a 'java/lang/ClassNotFoundException'{0x0000000087f3f020}: org/gradle/api/internal/artifacts/dependencies/AbstractModuleDependencyBeanInfo> (0x0000000087f3f020) 
thrown [./open/src/hotspot/share/classfile/systemDictionary.cpp, line 295]
Event: 31.477 Thread 0x0000017074e8fca0 Exception <a 'java/lang/ClassNotFoundException'{0x0000000087f57438}: org/gradle/api/internal/artifacts/dependencies/AbstractDependencyBeanInfo> (0x0000000087f57438) 
thrown [./open/src/hotspot/share/classfile/systemDictionary.cpp, line 295]
Event: 31.478 Thread 0x0000017074e8fca0 Exception <a 'java/lang/ClassNotFoundException'{0x0000000087f6f850}: org/gradle/api/internal/artifacts/dependencies/AbstractDependencyCustomizer> (0x0000000087f6f850) 
thrown [./open/src/hotspot/share/classfile/systemDictionary.cpp, line 295]
Event: 31.479 Thread 0x0000017074e8fca0 Exception <a 'java/lang/ClassNotFoundException'{0x0000000087f8b640}: org/gradle/api/internal/artifacts/dependencies/AbstractModuleDependencyCustomizer> (0x0000000087f8b640) 
thrown [./open/src/hotspot/share/classfile/systemDictionary.cpp, line 295]
Event: 31.481 Thread 0x0000017074e8fca0 Exception <a 'java/lang/ClassNotFoundException'{0x0000000087fc0b20}: org/gradle/api/internal/artifacts/dependencies/AbstractExternalModuleDependencyCustomizer> (0x0000000087fc0b20) 
thrown [./open/src/hotspot/share/classfile/systemDictionary.cpp, line 295]
Event: 31.482 Thread 0x0000017074e8fca0 Exception <a 'java/lang/ClassNotFoundException'{0x0000000087fecba8}: org/gradle/api/internal/artifacts/dependencies/DefaultExternalModuleDependencyCustomizer> (0x0000000087fecba8) 
thrown [./open/src/hotspot/share/classfile/systemDictionary.cpp, line 295]
Event: 31.484 Thread 0x0000017074e8fca0 Exception <a 'java/lang/ClassNotFoundException'{0x0000000087e14518}: org/gradle/api/internal/artifacts/dependencies/DefaultExternalModuleDependency_DecoratedCustomizer> (0x0000000087e14518) 
thrown [./open/src/hotspot/share/classfile/systemDictionary.cpp, line 295]
Event: 31.600 Thread 0x0000017074e8fca0 Exception <a 'java/lang/ClassNotFoundException'{0x0000000087e9a2f8}: java/lang/ExceptionBeanInfo> (0x0000000087e9a2f8) 
thrown [./open/src/hotspot/share/classfile/systemDictionary.cpp, line 295]
Event: 31.601 Thread 0x0000017074e8fca0 Exception <a 'java/lang/ClassNotFoundException'{0x0000000087e9fc58}: java/lang/ThrowableBeanInfo> (0x0000000087e9fc58) 
thrown [./open/src/hotspot/share/classfile/systemDictionary.cpp, line 295]
Event: 31.601 Thread 0x0000017074e8fca0 Exception <a 'java/lang/ClassNotFoundException'{0x0000000087ea5588}: java/lang/ThrowableCustomizer> (0x0000000087ea5588) 
thrown [./open/src/hotspot/share/classfile/systemDictionary.cpp, line 295]
Event: 31.601 Thread 0x0000017074e8fca0 Exception <a 'java/lang/ClassNotFoundException'{0x0000000087eb3120}: java/lang/ExceptionCustomizer> (0x0000000087eb3120) 
thrown [./open/src/hotspot/share/classfile/systemDictionary.cpp, line 295]
Event: 31.602 Thread 0x0000017074e8fca0 Exception <a 'java/lang/reflect/InvocationTargetException'{0x0000000087ebc260}> (0x0000000087ebc260) 
thrown [./open/src/hotspot/share/runtime/reflection.cpp, line 1157]

Events (20 events):
Event: 31.600 loading class java/lang/ExceptionBeanInfo done
Event: 31.601 loading class java/lang/ThrowableBeanInfo
Event: 31.601 loading class java/lang/ThrowableBeanInfo done
Event: 31.601 loading class java/lang/ThrowableBeanInfo
Event: 31.601 loading class java/lang/ThrowableBeanInfo done
Event: 31.601 loading class java/lang/ThrowableCustomizer
Event: 31.601 loading class java/lang/ThrowableCustomizer done
Event: 31.601 loading class java/io/ObjectOutputStream$BlockDataOutputStream done
Event: 31.601 loading class java/io/ObjectOutputStream$HandleTable
Event: 31.601 loading class java/lang/ThrowableCustomizer
Event: 31.601 loading class java/lang/ThrowableCustomizer done
Event: 31.601 loading class java/io/ObjectOutputStream$HandleTable done
Event: 31.601 loading class java/io/ObjectOutputStream$ReplaceTable
Event: 31.601 loading class java/lang/ExceptionCustomizer
Event: 31.601 loading class java/lang/ExceptionCustomizer done
Event: 31.601 loading class java/io/ObjectOutputStream$ReplaceTable done
Event: 31.601 loading class java/io/Bits
Event: 31.601 loading class java/lang/ExceptionCustomizer
Event: 31.601 loading class java/lang/ExceptionCustomizer done
Event: 31.601 loading class java/io/Bits done


Dynamic libraries:
0x00007ff6238a0000 - 0x00007ff6238af000 	C:\Program Files\Java\jdk-15.0.2\bin\java.exe
0x00007ffc48db0000 - 0x00007ffc48fa8000 	C:\WINDOWS\SYSTEM32\ntdll.dll
0x00007ffc47b80000 - 0x00007ffc47c3f000 	C:\WINDOWS\System32\KERNEL32.DLL
0x00007ffc46760000 - 0x00007ffc46a32000 	C:\WINDOWS\System32\KERNELBASE.dll
0x00007ffc465b0000 - 0x00007ffc466b0000 	C:\WINDOWS\System32\ucrtbase.dll
0x00007ffc3c550000 - 0x00007ffc3c568000 	C:\Program Files\Java\jdk-15.0.2\bin\jli.dll
0x00007ffc46df0000 - 0x00007ffc46e9e000 	C:\WINDOWS\System32\ADVAPI32.dll
0x00007ffc46ee0000 - 0x00007ffc46f7e000 	C:\WINDOWS\System32\msvcrt.dll
0x00007ffc48cd0000 - 0x00007ffc48d6c000 	C:\WINDOWS\System32\sechost.dll
0x00007ffc48830000 - 0x00007ffc48955000 	C:\WINDOWS\System32\RPCRT4.dll
0x00007ffc47830000 - 0x00007ffc479d1000 	C:\WINDOWS\System32\USER32.dll
0x00007ffc46a40000 - 0x00007ffc46a62000 	C:\WINDOWS\System32\win32u.dll
0x00007ffc46ea0000 - 0x00007ffc46ecb000 	C:\WINDOWS\System32\GDI32.dll
0x00007ffc464a0000 - 0x00007ffc465af000 	C:\WINDOWS\System32\gdi32full.dll
0x00007ffc46c20000 - 0x00007ffc46cbd000 	C:\WINDOWS\System32\msvcp_win.dll
0x00007ffc3c140000 - 0x00007ffc3c159000 	C:\Program Files\Java\jdk-15.0.2\bin\VCRUNTIME140.dll
0x00007ffc32000000 - 0x00007ffc3229a000 	C:\WINDOWS\WinSxS\amd64_microsoft.windows.common-controls_6595b64144ccf1df_6.0.19041.1110_none_60b5254171f9507e\COMCTL32.dll
0x00007ffc46060000 - 0x00007ffc4606a000 	C:\WINDOWS\SYSTEM32\VERSION.dll
0x00007ffc483f0000 - 0x00007ffc48422000 	C:\WINDOWS\System32\IMM32.DLL
0x00007ffc460d0000 - 0x00007ffc461c7000 	C:\Windows\system32\guard64.dll
0x00007ffc48960000 - 0x00007ffc48a8a000 	C:\WINDOWS\System32\ole32.dll
0x00007ffc48450000 - 0x00007ffc487a5000 	C:\WINDOWS\System32\combase.dll
0x00007ffc46050000 - 0x00007ffc4605b000 	C:\WINDOWS\system32\fltlib.dll
0x00007ffc47ca0000 - 0x00007ffc483e5000 	C:\WINDOWS\System32\shell32.dll
0x00007ffc42ea0000 - 0x00007ffc42eac000 	C:\Program Files\Java\jdk-15.0.2\bin\vcruntime140_1.dll
0x00007ffc1cf30000 - 0x00007ffc1cfc1000 	C:\Program Files\Java\jdk-15.0.2\bin\msvcp140.dll
0x00007ffbbf5d0000 - 0x00007ffbc012e000 	C:\Program Files\Java\jdk-15.0.2\bin\server\jvm.dll
0x00007ffc479e0000 - 0x00007ffc479e8000 	C:\WINDOWS\System32\PSAPI.DLL
0x00007ffc209a0000 - 0x00007ffc209a9000 	C:\WINDOWS\SYSTEM32\WSOCK32.dll
0x00007ffc47500000 - 0x00007ffc4756b000 	C:\WINDOWS\System32\WS2_32.dll
0x00007ffc3f380000 - 0x00007ffc3f3a7000 	C:\WINDOWS\SYSTEM32\WINMM.dll
0x00007ffc44260000 - 0x00007ffc44272000 	C:\WINDOWS\SYSTEM32\kernel.appcore.dll
0x00007ffc3f990000 - 0x00007ffc3f99a000 	C:\Program Files\Java\jdk-15.0.2\bin\jimage.dll
0x00007ffc3f720000 - 0x00007ffc3f904000 	C:\WINDOWS\SYSTEM32\DBGHELP.DLL
0x00007ffc3f6a0000 - 0x00007ffc3f6d5000 	C:\WINDOWS\SYSTEM32\dbgcore.DLL
0x00007ffc46cc0000 - 0x00007ffc46d42000 	C:\WINDOWS\System32\bcryptPrimitives.dll
0x00007ffc32c80000 - 0x00007ffc32ca5000 	C:\Program Files\Java\jdk-15.0.2\bin\java.dll
0x00007ffc44460000 - 0x00007ffc44bf2000 	C:\WINDOWS\SYSTEM32\windows.storage.dll
0x00007ffc45d00000 - 0x00007ffc45d30000 	C:\WINDOWS\SYSTEM32\Wldp.dll
0x00007ffc47450000 - 0x00007ffc474fd000 	C:\WINDOWS\System32\SHCORE.dll
0x00007ffc46f80000 - 0x00007ffc46fd5000 	C:\WINDOWS\System32\shlwapi.dll
0x00007ffc463e0000 - 0x00007ffc463ff000 	C:\WINDOWS\SYSTEM32\profapi.dll
0x00007ffc3a740000 - 0x00007ffc3a759000 	C:\Program Files\Java\jdk-15.0.2\bin\net.dll
0x00007ffc3e790000 - 0x00007ffc3e89c000 	C:\WINDOWS\SYSTEM32\WINHTTP.dll
0x00007ffc45a60000 - 0x00007ffc45aca000 	C:\WINDOWS\system32\mswsock.dll
0x00007ffc28c10000 - 0x00007ffc28c22000 	C:\Program Files\Java\jdk-15.0.2\bin\nio.dll
0x00007ffc24a60000 - 0x00007ffc24a78000 	C:\Program Files\Java\jdk-15.0.2\bin\zip.dll
0x00007ffc3c760000 - 0x00007ffc3c770000 	C:\Program Files\Java\jdk-15.0.2\bin\verify.dll
0x00007ffc1f4a0000 - 0x00007ffc1f4c7000 	C:\Users\n0bi\.gradle\native\e1d6ef7f7dcc3fd88c89a11ec53ec762bb8ba0a96d01ffa2cd45eb1d1d8dd5c5\windows-amd64\native-platform.dll
0x00007ffc0c630000 - 0x00007ffc0c774000 	C:\Users\n0bi\.gradle\native\0d407fdbe67a94daf76414ababcb853783967236a71b16ec16e742cd7a986fd3\windows-amd64\native-platform-file-events.dll
0x00007ffc3df50000 - 0x00007ffc3df59000 	C:\Program Files\Java\jdk-15.0.2\bin\management.dll
0x00007ffc3d660000 - 0x00007ffc3d66b000 	C:\Program Files\Java\jdk-15.0.2\bin\management_ext.dll
0x00007ffc45c50000 - 0x00007ffc45c68000 	C:\WINDOWS\SYSTEM32\CRYPTSP.dll
0x00007ffc45380000 - 0x00007ffc453b4000 	C:\WINDOWS\system32\rsaenh.dll
0x00007ffc46d50000 - 0x00007ffc46d77000 	C:\WINDOWS\System32\bcrypt.dll
0x00007ffc46360000 - 0x00007ffc4638e000 	C:\WINDOWS\SYSTEM32\USERENV.dll
0x00007ffc45c70000 - 0x00007ffc45c7c000 	C:\WINDOWS\SYSTEM32\CRYPTBASE.dll
0x00007ffc45750000 - 0x00007ffc4578b000 	C:\WINDOWS\SYSTEM32\IPHLPAPI.DLL
0x00007ffc46ed0000 - 0x00007ffc46ed8000 	C:\WINDOWS\System32\NSI.dll
0x00007ffc3f680000 - 0x00007ffc3f697000 	C:\WINDOWS\SYSTEM32\dhcpcsvc6.DLL
0x00007ffc40900000 - 0x00007ffc4091d000 	C:\WINDOWS\SYSTEM32\dhcpcsvc.DLL
0x00007ffc457a0000 - 0x00007ffc4586b000 	C:\WINDOWS\SYSTEM32\DNSAPI.dll

dbghelp: loaded successfully - version: 4.0.5 - missing functions: none
symbol engine: initialized successfully - sym options: 0x614 - pdb path: .;C:\Program Files\Java\jdk-15.0.2\bin;C:\WINDOWS\SYSTEM32;C:\WINDOWS\WinSxS\amd64_microsoft.windows.common-controls_6595b64144ccf1df_6.0.19041.1110_none_60b5254171f9507e;C:\Program Files\Java\jdk-15.0.2\bin\server;C:\Users\n0bi\.gradle\native\e1d6ef7f7dcc3fd88c89a11ec53ec762bb8ba0a96d01ffa2cd45eb1d1d8dd5c5\windows-amd64;C:\Users\n0bi\.gradle\native\0d407fdbe67a94daf76414ababcb853783967236a71b16ec16e742cd7a986fd3\windows-amd64

VM Arguments:
jvm_args: -XX:MaxMetaspaceSize=512m --add-opens=java.base/java.util=ALL-UNNAMED --add-opens=java.base/java.lang=ALL-UNNAMED --add-opens=java.base/java.lang.invoke=ALL-UNNAMED --add-opens=java.base/java.util=ALL-UNNAMED --add-opens=java.prefs/java.util.prefs=ALL-UNNAMED --add-opens=java.prefs/java.util.prefs=ALL-UNNAMED --add-opens=java.base/java.nio.charset=ALL-UNNAMED --add-opens=java.base/java.net=ALL-UNNAMED --add-opens=java.base/java.util.concurrent.atomic=ALL-UNNAMED -Xmx2048m -Dfile.encoding=windows-1250 -Duser.country=PL -Duser.language=pl -Duser.variant 
java_command: org.gradle.launcher.daemon.bootstrap.GradleDaemon 7.5.1
java_class_path (initial): C:\Users\n0bi\.gradle\wrapper\dists\gradle-7.5.1-all\1ehga6e77gqps5uk2kc5kf1vc\gradle-7.5.1\lib\gradle-launcher-7.5.1.jar
Launcher Type: SUN_STANDARD

[Global flags]
     intx CICompilerCount                          = 4                                         {product} {ergonomic}
   size_t CompressedClassSpaceSize                 = 528482304                                 {product} {ergonomic}
     uint ConcGCThreads                            = 2                                         {product} {ergonomic}
     uint G1ConcRefinementThreads                  = 8                                         {product} {ergonomic}
   size_t G1HeapRegionSize                         = 1048576                                   {product} {ergonomic}
    uintx GCDrainStackTargetSize                   = 64                                        {product} {ergonomic}
   size_t InitialHeapSize                          = 201326592                                 {product} {ergonomic}
   size_t MarkStackSize                            = 4194304                                   {product} {ergonomic}
   size_t MaxHeapSize                              = 2147483648                                {product} {command line}
   size_t MaxMetaspaceSize                         = 536870912                                 {product} {command line}
   size_t MaxNewSize                               = 1287651328                                {product} {ergonomic}
   size_t MinHeapDeltaBytes                        = 1048576                                   {product} {ergonomic}
   size_t MinHeapSize                              = 8388608                                   {product} {ergonomic}
    uintx NonNMethodCodeHeapSize                   = 5839372                                {pd product} {ergonomic}
    uintx NonProfiledCodeHeapSize                  = 122909434                              {pd product} {ergonomic}
    uintx ProfiledCodeHeapSize                     = 122909434                              {pd product} {ergonomic}
    uintx ReservedCodeCacheSize                    = 251658240                              {pd product} {ergonomic}
     bool SegmentedCodeCache                       = true                                      {product} {ergonomic}
   size_t SoftMaxHeapSize                          = 2147483648                             {manageable} {ergonomic}
     bool UseCompressedClassPointers               = true                                 {lp64_product} {ergonomic}
     bool UseCompressedOops                        = true                                 {lp64_product} {ergonomic}
     bool UseG1GC                                  = true                                      {product} {ergonomic}
     bool UseLargePagesIndividualAllocation        = false                                  {pd product} {ergonomic}

Logging:
Log output configuration:
 #0: stdout all=warning uptime,level,tags
 #1: stderr all=off uptime,level,tags

Environment Variables:
CLASSPATH=D:\RN4\FitEatPro\android\\gradle\wrapper\gradle-wrapper.jar
PATH=D:\RN4\FitEatPro\android\node_modules\.bin;D:\RN4\FitEatPro\node_modules\.bin;D:\RN4\node_modules\.bin;D:\node_modules\.bin;C:\Program Files\nodejs;D:\RN4\FitEatPro\node_modules\.bin;D:\RN4\FitEatPro\node_modules\.bin;D:\RN4\node_modules\.bin;D:\node_modules\.bin;C:\Users\n0bi\AppData\Roaming\npm\node_modules\npm\node_modules\@npmcli\run-script\lib\node-gyp-bin;C:\Program Files\Common Files\Oracle\Java\javapath;C:\Program Files (x86)\Razer Chroma SDK\bin;C:\Program Files\Razer Chroma SDK\bin;C:\Program Files (x86)\Razer\ChromaBroadcast\bin;C:\Program Files\Razer\ChromaBroadcast\bin;C:\Windows\system32;C:\Windows;C:\Windows\System32\Wbem;C:\Windows\System32\WindowsPowerShell\v1.0\;C:\Windows\System32\OpenSSH\;C:\Program Files (x86)\NVIDIA Corporation\PhysX\Common;C:\Program Files (x86)\Microsoft SQL Server\100\Tools\Binn\;C:\Program Files (x86)\Microsoft SQL Server\100\DTS\Binn\;C:\Program Files\NVIDIA Corporation\NVIDIA NvDLISR;C:\WINDOWS\system32;C:\WINDOWS;C:\WINDOWS\System32\Wbem;C:\WINDOWS\System32\WindowsPowerShell\v1.0\;C:\WINDOWS\System32\OpenSSH\;C:\WINDOWS\system32\config\systemprofile\AppData\Local\Microsoft\WindowsApps;C:\Program Files\Git\cmd;C:\xampp8011\php;C:\ProgramData\ComposerSetup\bin;C:\ProgramData\chocolatey\bin;C:\Program Files\nodejs\;C:\Users\n0bi\AppData\Local\Android\Sdk\platform-tools;C:\Users\n0bi\AppData\Local\Android\Sdk\tools;C:\Users\n0bi\AppData\Local\Android\Sdk\platform-tools;C:\Users\n0bi\AppData\Local\Android\Sdk\tools;C:\Users\n0bi\AppData\Local\Microsoft\WindowsApps;C:\Users\n0bi\AppData\Local\atom\bin;C:\Users\n0bi\AppData\Local\Microsoft\WindowsApps;d:\programy\JetBrains\IntelliJ IDEA Community Edition 2020.3.1\bin;;C:\src\flutter\bin;C:\Program Files\JetBrains\PhpStorm 2021.1.4\bin;;C:\Users\n0bi\AppData\Roaming\Composer\vendor\bin;C:\Users\n0bi\AppData\Local\Android\Sdk\platform-tools;C:\Users\n0bi\AppData\Roaming\npm;C:\Users\n0bi\AppData\Local\Programs\Microsoft VS Code\bin
USERNAME=n0bi
LANG=pl_PL.UTF-8
OS=Windows_NT
PROCESSOR_IDENTIFIER=AMD64 Family 21 Model 2 Stepping 0, AuthenticAMD



---------------  S Y S T E M  ---------------

OS:
 Windows 10 , 64 bit Build 19041 (10.0.19041.2546)
OS uptime: 11 days 2:52 hours

CPU: total 8 (initial active 8) (8 cores per cpu, 1 threads per core) family 21 model 2 stepping 0 microcode 0x0, cmov, cx8, fxsr, mmx, sse, sse2, sse3, ssse3, sse4.1, sse4.2, popcnt, vzeroupper, avx, aes, clmul, 3dnowpref, lzcnt, sse4a, tsc, tscinvbit, tscinv, bmi1, fma, clflush

Memory: 4k page, system-wide physical 12189M (2936M free)
TotalPageFile size 42604M (AvailPageFile size 33M)
current process WorkingSet (physical memory assigned to process): 407M, peak: 407M
current process commit charge ("private bytes"): 453M, peak: 454M

vm_info: Java HotSpot(TM) 64-Bit Server VM (15.0.2+7-27) for windows-amd64 JRE (15.0.2+7-27), built on Dec  7 2020 20:07:01 by "mach5one" with unknown MS VC++:1925

END.
